-- The C compiler identification is GNU 11.3.0
-- The CXX compiler identification is GNU 11.3.0
-- Detecting C compiler ABI info
-- Detecting C compiler ABI info - done
-- Check for working C compiler: /usr/bin/cc - skipped
-- Detecting C compile features
-- Detecting C compile features - done
-- Detecting CXX compiler ABI info
-- Detecting CXX compiler ABI info - done
-- Check for working CXX compiler: /usr/bin/c++ - skipped
-- Detecting CXX compile features
-- Detecting CXX compile features - done
-- Looking for pthread.h
-- Looking for pthread.h - found
-- Performing Test CMAKE_HAVE_LIBC_PTHREAD
-- Performing Test CMAKE_HAVE_LIBC_PTHREAD - Success
-- Found Threads: TRUE  
-- Found ament_cmake_ros: 0.10.0 (/home/sauron/ros2_humble/install/ament_cmake_ros/share/ament_cmake_ros/cmake)
-- Found Python3: /usr/bin/python3.10 (found version "3.10.6") found components: Interpreter 
-- Found ament_index_cpp: 1.4.0 (/home/sauron/ros2_humble/install/ament_index_cpp/share/ament_index_cpp/cmake)
-- Found builtin_interfaces: 1.2.1 (/home/sauron/ros2_humble/install/builtin_interfaces/share/builtin_interfaces/cmake)
-- Found rosidl_generator_c: 3.1.4 (/home/sauron/ros2_humble/install/rosidl_generator_c/share/rosidl_generator_c/cmake)
-- Found rosidl_adapter: 3.1.4 (/home/sauron/ros2_humble/install/rosidl_adapter/share/rosidl_adapter/cmake)
-- Found rosidl_generator_cpp: 3.1.4 (/home/sauron/ros2_humble/install/rosidl_generator_cpp/share/rosidl_generator_cpp/cmake)
-- Using all available rosidl_typesupport_c: rosidl_typesupport_introspection_c;rosidl_typesupport_fastrtps_c
-- Using all available rosidl_typesupport_cpp: rosidl_typesupport_introspection_cpp;rosidl_typesupport_fastrtps_cpp
-- Found libstatistics_collector: 1.3.1 (/home/sauron/ros2_humble/install/libstatistics_collector/share/libstatistics_collector/cmake)
-- Found rmw_implementation_cmake: 6.1.1 (/home/sauron/ros2_humble/install/rmw_implementation_cmake/share/rmw_implementation_cmake/cmake)
-- Found rmw_fastrtps_cpp: 6.2.2 (/home/sauron/ros2_humble/install/rmw_fastrtps_cpp/share/rmw_fastrtps_cpp/cmake)
-- Found OpenSSL: /usr/lib/x86_64-linux-gnu/libcrypto.so (found version "3.0.2")  
-- Found FastRTPS: /home/sauron/ros2_humble/install/fastrtps/include  
-- Using RMW implementation 'rmw_fastrtps_cpp' as default
-- Found rosgraph_msgs: 1.2.1 (/home/sauron/ros2_humble/install/rosgraph_msgs/share/rosgraph_msgs/cmake)
-- Configuring done
-- Generating done
-- Build files have been written to: /home/sauron/ros2-picas/build/rclcpp
[  1%] [34m[1mGenerating rclcpp/version.h[0m
[  1%] Built target ament_generate_version_header__rclcpp
[  5%] [34m[1mExpanding get_interface.hpp.em into get_/home/sauron/ros2-picas/rclcpp/include/rclcpp/node_interfaces/node_logging_interface.hpp.hpp[0m
[  5%] [34m[1mExpanding get_interface.hpp.em into get_/home/sauron/ros2-picas/rclcpp/include/rclcpp/node_interfaces/node_clock_interface.hpp.hpp[0m
[  5%] [34m[1mExpanding get_interface.hpp.em into get_/home/sauron/ros2-picas/rclcpp/include/rclcpp/node_interfaces/node_base_interface.hpp.hpp[0m
[  5%] [34m[1mExpanding get_interface.hpp.em into get_/home/sauron/ros2-picas/rclcpp/include/rclcpp/node_interfaces/node_graph_interface.hpp.hpp[0m
[  7%] [34m[1mExpanding get_interface.hpp.em into get_/home/sauron/ros2-picas/rclcpp/include/rclcpp/node_interfaces/node_parameters_interface.hpp.hpp[0m
[  7%] [34m[1mExpanding logging.hpp.em[0m
[  8%] [34m[1mExpanding get_interface.hpp.em into get_/home/sauron/ros2-picas/rclcpp/include/rclcpp/node_interfaces/node_services_interface.hpp.hpp[0m
[  9%] [34m[1mExpanding get_interface.hpp.em into get_/home/sauron/ros2-picas/rclcpp/include/rclcpp/node_interfaces/node_topics_interface.hpp.hpp[0m
[ 10%] [34m[1mExpanding interface_traits.hpp.em into node_base_interface_traits.hpp[0m
[ 11%] [34m[1mExpanding get_interface.hpp.em into get_/home/sauron/ros2-picas/rclcpp/include/rclcpp/node_interfaces/node_timers_interface.hpp.hpp[0m
[ 12%] [34m[1mExpanding interface_traits.hpp.em into node_clock_interface_traits.hpp[0m
[ 13%] [34m[1mExpanding interface_traits.hpp.em into node_logging_interface_traits.hpp[0m
[ 14%] [34m[1mExpanding get_interface.hpp.em into get_/home/sauron/ros2-picas/rclcpp/include/rclcpp/node_interfaces/node_waitables_interface.hpp.hpp[0m
[ 15%] [34m[1mExpanding interface_traits.hpp.em into node_services_interface_traits.hpp[0m
[ 16%] [34m[1mExpanding interface_traits.hpp.em into node_parameters_interface_traits.hpp[0m
[ 18%] [34m[1mExpanding get_interface.hpp.em into get_/home/sauron/ros2-picas/rclcpp/include/rclcpp/node_interfaces/node_time_source_interface.hpp.hpp[0m
[ 19%] [34m[1mExpanding interface_traits.hpp.em into node_graph_interface_traits.hpp[0m
[ 20%] [34m[1mExpanding interface_traits.hpp.em into node_time_source_interface_traits.hpp[0m
[ 20%] [34m[1mExpanding interface_traits.hpp.em into node_timers_interface_traits.hpp[0m
[ 21%] [34m[1mExpanding interface_traits.hpp.em into node_waitables_interface_traits.hpp[0m
[ 22%] [34m[1mExpanding interface_traits.hpp.em into node_topics_interface_traits.hpp[0m
[ 27%] [32mBuilding CXX object CMakeFiles/rclcpp.dir/src/rclcpp/context.cpp.o[0m
[ 27%] [32mBuilding CXX object CMakeFiles/rclcpp.dir/src/rclcpp/callback_group.cpp.o[0m
[ 27%] [32mBuilding CXX object CMakeFiles/rclcpp.dir/src/rclcpp/client.cpp.o[0m
[ 27%] [32mBuilding CXX object CMakeFiles/rclcpp.dir/src/rclcpp/any_executable.cpp.o[0m
[ 28%] [32mBuilding CXX object CMakeFiles/rclcpp.dir/src/rclcpp/contexts/default_context.cpp.o[0m
[ 29%] [32mBuilding CXX object CMakeFiles/rclcpp.dir/src/rclcpp/detail/resolve_parameter_overrides.cpp.o[0m
[ 30%] [32mBuilding CXX object CMakeFiles/rclcpp.dir/src/rclcpp/detail/add_guard_condition_to_rcl_wait_set.cpp.o[0m
[ 31%] [32mBuilding CXX object CMakeFiles/rclcpp.dir/src/rclcpp/clock.cpp.o[0m
[ 32%] [32mBuilding CXX object CMakeFiles/rclcpp.dir/src/rclcpp/event.cpp.o[0m
[ 33%] [32mBuilding CXX object CMakeFiles/rclcpp.dir/src/rclcpp/executors/multi_threaded_executor.cpp.o[0m
[ 35%] [32mBuilding CXX object CMakeFiles/rclcpp.dir/src/rclcpp/duration.cpp.o[0m
[ 35%] [32mBuilding CXX object CMakeFiles/rclcpp.dir/src/rclcpp/detail/rmw_implementation_specific_payload.cpp.o[0m
[ 37%] [32mBuilding CXX object CMakeFiles/rclcpp.dir/src/rclcpp/exceptions/exceptions.cpp.o[0m
[ 37%] [32mBuilding CXX object CMakeFiles/rclcpp.dir/src/rclcpp/detail/rmw_implementation_specific_subscription_payload.cpp.o[0m
[ 38%] [32mBuilding CXX object CMakeFiles/rclcpp.dir/src/rclcpp/executable_list.cpp.o[0m
[ 39%] [32mBuilding CXX object CMakeFiles/rclcpp.dir/src/rclcpp/executor.cpp.o[0m
[ 42%] [32mBuilding CXX object CMakeFiles/rclcpp.dir/src/rclcpp/detail/rmw_implementation_specific_publisher_payload.cpp.o[0m
[ 42%] [32mBuilding CXX object CMakeFiles/rclcpp.dir/src/rclcpp/executors.cpp.o[0m
[ 43%] [32mBuilding CXX object CMakeFiles/rclcpp.dir/src/rclcpp/executors/single_threaded_executor.cpp.o[0m
[ 43%] [32mBuilding CXX object CMakeFiles/rclcpp.dir/src/rclcpp/detail/utilities.cpp.o[0m
[ 44%] [32mBuilding CXX object CMakeFiles/rclcpp.dir/src/rclcpp/executors/static_executor_entities_collector.cpp.o[0m
[ 46%] [32mBuilding CXX object CMakeFiles/rclcpp.dir/src/rclcpp/expand_topic_or_service_name.cpp.o[0m
[ 46%] [32mBuilding CXX object CMakeFiles/rclcpp.dir/src/rclcpp/executors/static_single_threaded_executor.cpp.o[0m
[ 47%] [32mBuilding CXX object CMakeFiles/rclcpp.dir/src/rclcpp/future_return_code.cpp.o[0m
[ 48%] [32mBuilding CXX object CMakeFiles/rclcpp.dir/src/rclcpp/generic_publisher.cpp.o[0m
[ 50%] [32mBuilding CXX object CMakeFiles/rclcpp.dir/src/rclcpp/generic_subscription.cpp.o[0m
[ 51%] [32mBuilding CXX object CMakeFiles/rclcpp.dir/src/rclcpp/graph_listener.cpp.o[0m
[ 52%] [32mBuilding CXX object CMakeFiles/rclcpp.dir/src/rclcpp/guard_condition.cpp.o[0m
[ 53%] [32mBuilding CXX object CMakeFiles/rclcpp.dir/src/rclcpp/init_options.cpp.o[0m
[ 54%] [32mBuilding CXX object CMakeFiles/rclcpp.dir/src/rclcpp/intra_process_manager.cpp.o[0m
[ 55%] [32mBuilding CXX object CMakeFiles/rclcpp.dir/src/rclcpp/logger.cpp.o[0m
[ 56%] [32mBuilding CXX object CMakeFiles/rclcpp.dir/src/rclcpp/logging_mutex.cpp.o[0m
[ 57%] [32mBuilding CXX object CMakeFiles/rclcpp.dir/src/rclcpp/memory_strategies.cpp.o[0m
[ 58%] [32mBuilding CXX object CMakeFiles/rclcpp.dir/src/rclcpp/memory_strategy.cpp.o[0m
[ 59%] [32mBuilding CXX object CMakeFiles/rclcpp.dir/src/rclcpp/message_info.cpp.o[0m
[ 60%] [32mBuilding CXX object CMakeFiles/rclcpp.dir/src/rclcpp/network_flow_endpoint.cpp.o[0m
[ 61%] [32mBuilding CXX object CMakeFiles/rclcpp.dir/src/rclcpp/node.cpp.o[0m
[ 62%] [32mBuilding CXX object CMakeFiles/rclcpp.dir/src/rclcpp/node_interfaces/node_base.cpp.o[0m
[ 63%] [32mBuilding CXX object CMakeFiles/rclcpp.dir/src/rclcpp/node_interfaces/node_clock.cpp.o[0m
[ 64%] [32mBuilding CXX object CMakeFiles/rclcpp.dir/src/rclcpp/node_interfaces/node_graph.cpp.o[0m
[ 65%] [32mBuilding CXX object CMakeFiles/rclcpp.dir/src/rclcpp/node_interfaces/node_logging.cpp.o[0m
[ 66%] [32mBuilding CXX object CMakeFiles/rclcpp.dir/src/rclcpp/node_interfaces/node_parameters.cpp.o[0m
[ 67%] [32mBuilding CXX object CMakeFiles/rclcpp.dir/src/rclcpp/node_interfaces/node_services.cpp.o[0m
[ 68%] [32mBuilding CXX object CMakeFiles/rclcpp.dir/src/rclcpp/node_interfaces/node_time_source.cpp.o[0m
[ 69%] [32mBuilding CXX object CMakeFiles/rclcpp.dir/src/rclcpp/node_interfaces/node_timers.cpp.o[0m
[ 70%] [32mBuilding CXX object CMakeFiles/rclcpp.dir/src/rclcpp/node_interfaces/node_topics.cpp.o[0m
[ 71%] [32mBuilding CXX object CMakeFiles/rclcpp.dir/src/rclcpp/node_interfaces/node_waitables.cpp.o[0m
[ 72%] [32mBuilding CXX object CMakeFiles/rclcpp.dir/src/rclcpp/node_options.cpp.o[0m
[ 73%] [32mBuilding CXX object CMakeFiles/rclcpp.dir/src/rclcpp/parameter.cpp.o[0m
[ 75%] [32mBuilding CXX object CMakeFiles/rclcpp.dir/src/rclcpp/parameter_client.cpp.o[0m
[ 76%] [32mBuilding CXX object CMakeFiles/rclcpp.dir/src/rclcpp/parameter_event_handler.cpp.o[0m
[ 77%] [32mBuilding CXX object CMakeFiles/rclcpp.dir/src/rclcpp/parameter_events_filter.cpp.o[0m
[ 78%] [32mBuilding CXX object CMakeFiles/rclcpp.dir/src/rclcpp/parameter_map.cpp.o[0m
[ 79%] [32mBuilding CXX object CMakeFiles/rclcpp.dir/src/rclcpp/parameter_service.cpp.o[0m
[ 80%] [32mBuilding CXX object CMakeFiles/rclcpp.dir/src/rclcpp/parameter_value.cpp.o[0m
[ 81%] [32mBuilding CXX object CMakeFiles/rclcpp.dir/src/rclcpp/qos.cpp.o[0m
[ 82%] [32mBuilding CXX object CMakeFiles/rclcpp.dir/src/rclcpp/publisher_base.cpp.o[0m
[ 83%] [32mBuilding CXX object CMakeFiles/rclcpp.dir/src/rclcpp/qos_event.cpp.o[0m
[ 84%] [32mBuilding CXX object CMakeFiles/rclcpp.dir/src/rclcpp/qos_overriding_options.cpp.o[0m
[ 85%] [32mBuilding CXX object CMakeFiles/rclcpp.dir/src/rclcpp/serialization.cpp.o[0m
[ 86%] [32mBuilding CXX object CMakeFiles/rclcpp.dir/src/rclcpp/serialized_message.cpp.o[0m
[ 87%] [32mBuilding CXX object CMakeFiles/rclcpp.dir/src/rclcpp/service.cpp.o[0m
[ 88%] [32mBuilding CXX object CMakeFiles/rclcpp.dir/src/rclcpp/signal_handler.cpp.o[0m
[ 89%] [32mBuilding CXX object CMakeFiles/rclcpp.dir/src/rclcpp/subscription_base.cpp.o[0m
[ 90%] [32mBuilding CXX object CMakeFiles/rclcpp.dir/src/rclcpp/subscription_intra_process_base.cpp.o[0m
[ 91%] [32mBuilding CXX object CMakeFiles/rclcpp.dir/src/rclcpp/time.cpp.o[0m
[ 92%] [32mBuilding CXX object CMakeFiles/rclcpp.dir/src/rclcpp/time_source.cpp.o[0m
[ 93%] [32mBuilding CXX object CMakeFiles/rclcpp.dir/src/rclcpp/timer.cpp.o[0m
[ 94%] [32mBuilding CXX object CMakeFiles/rclcpp.dir/src/rclcpp/type_support.cpp.o[0m
[ 95%] [32mBuilding CXX object CMakeFiles/rclcpp.dir/src/rclcpp/utilities.cpp.o[0m
[ 96%] [32mBuilding CXX object CMakeFiles/rclcpp.dir/src/rclcpp/typesupport_helpers.cpp.o[0m
[ 97%] [32mBuilding CXX object CMakeFiles/rclcpp.dir/src/rclcpp/wait_set_policies/detail/write_preferring_read_write_lock.cpp.o[0m
[ 98%] [32mBuilding CXX object CMakeFiles/rclcpp.dir/src/rclcpp/waitable.cpp.o[0m
[100%] [32m[1mLinking CXX shared library librclcpp.so[0m
[100%] Built target rclcpp
-- Install configuration: ""
-- Installing: /home/sauron/ros2-picas/install/rclcpp/lib/librclcpp.so
-- Set runtime path of "/home/sauron/ros2-picas/install/rclcpp/lib/librclcpp.so" to ""
-- Installing: /home/sauron/ros2-picas/install/rclcpp/share/rclcpp/environment/library_path.sh
-- Installing: /home/sauron/ros2-picas/install/rclcpp/share/rclcpp/environment/library_path.dsv
-- Installing: /home/sauron/ros2-picas/install/rclcpp/share/ament_index/resource_index/package_run_dependencies/rclcpp
-- Installing: /home/sauron/ros2-picas/install/rclcpp/share/ament_index/resource_index/parent_prefix_path/rclcpp
-- Installing: /home/sauron/ros2-picas/install/rclcpp/share/rclcpp/environment/ament_prefix_path.sh
-- Installing: /home/sauron/ros2-picas/install/rclcpp/share/rclcpp/environment/ament_prefix_path.dsv
-- Installing: /home/sauron/ros2-picas/install/rclcpp/share/rclcpp/environment/path.sh
-- Installing: /home/sauron/ros2-picas/install/rclcpp/share/rclcpp/environment/path.dsv
-- Installing: /home/sauron/ros2-picas/install/rclcpp/share/rclcpp/local_setup.bash
-- Installing: /home/sauron/ros2-picas/install/rclcpp/share/rclcpp/local_setup.sh
-- Installing: /home/sauron/ros2-picas/install/rclcpp/share/rclcpp/local_setup.zsh
-- Installing: /home/sauron/ros2-picas/install/rclcpp/share/rclcpp/local_setup.dsv
-- Installing: /home/sauron/ros2-picas/install/rclcpp/share/rclcpp/package.dsv
-- Installing: /home/sauron/ros2-picas/install/rclcpp/share/ament_index/resource_index/packages/rclcpp
-- Installing: /home/sauron/ros2-picas/install/rclcpp/share/rclcpp/cmake/rclcppExport.cmake
-- Installing: /home/sauron/ros2-picas/install/rclcpp/share/rclcpp/cmake/rclcppExport-noconfig.cmake
-- Installing: /home/sauron/ros2-picas/install/rclcpp/share/rclcpp/cmake/ament_cmake_export_include_directories-extras.cmake
-- Installing: /home/sauron/ros2-picas/install/rclcpp/share/rclcpp/cmake/ament_cmake_export_libraries-extras.cmake
-- Installing: /home/sauron/ros2-picas/install/rclcpp/share/rclcpp/cmake/ament_cmake_export_targets-extras.cmake
-- Installing: /home/sauron/ros2-picas/install/rclcpp/share/rclcpp/cmake/ament_cmake_export_dependencies-extras.cmake
-- Installing: /home/sauron/ros2-picas/install/rclcpp/share/rclcpp/cmake/rclcppConfig.cmake
-- Installing: /home/sauron/ros2-picas/install/rclcpp/share/rclcpp/cmake/rclcppConfig-version.cmake
-- Installing: /home/sauron/ros2-picas/install/rclcpp/share/rclcpp/package.xml
-- Installing: /home/sauron/ros2-picas/install/rclcpp/include/rclcpp
-- Installing: /home/sauron/ros2-picas/install/rclcpp/include/rclcpp/rclcpp
-- Installing: /home/sauron/ros2-picas/install/rclcpp/include/rclcpp/rclcpp/cb_sched.hpp
-- Installing: /home/sauron/ros2-picas/install/rclcpp/include/rclcpp/rclcpp/qos_event.hpp
-- Installing: /home/sauron/ros2-picas/install/rclcpp/include/rclcpp/rclcpp/generic_subscription.hpp
-- Installing: /home/sauron/ros2-picas/install/rclcpp/include/rclcpp/rclcpp/qos.hpp
-- Installing: /home/sauron/ros2-picas/install/rclcpp/include/rclcpp/rclcpp/callback_group.hpp
-- Installing: /home/sauron/ros2-picas/install/rclcpp/include/rclcpp/rclcpp/wait_set_policies
-- Installing: /home/sauron/ros2-picas/install/rclcpp/include/rclcpp/rclcpp/wait_set_policies/detail
-- Installing: /home/sauron/ros2-picas/install/rclcpp/include/rclcpp/rclcpp/wait_set_policies/detail/storage_policy_common.hpp
-- Installing: /home/sauron/ros2-picas/install/rclcpp/include/rclcpp/rclcpp/wait_set_policies/detail/write_preferring_read_write_lock.hpp
-- Installing: /home/sauron/ros2-picas/install/rclcpp/include/rclcpp/rclcpp/wait_set_policies/detail/synchronization_policy_common.hpp
-- Installing: /home/sauron/ros2-picas/install/rclcpp/include/rclcpp/rclcpp/wait_set_policies/static_storage.hpp
-- Installing: /home/sauron/ros2-picas/install/rclcpp/include/rclcpp/rclcpp/wait_set_policies/thread_safe_synchronization.hpp
-- Installing: /home/sauron/ros2-picas/install/rclcpp/include/rclcpp/rclcpp/wait_set_policies/sequential_synchronization.hpp
-- Installing: /home/sauron/ros2-picas/install/rclcpp/include/rclcpp/rclcpp/wait_set_policies/dynamic_storage.hpp
-- Installing: /home/sauron/ros2-picas/install/rclcpp/include/rclcpp/rclcpp/any_executable.hpp
-- Installing: /home/sauron/ros2-picas/install/rclcpp/include/rclcpp/rclcpp/any_service_callback.hpp
-- Installing: /home/sauron/ros2-picas/install/rclcpp/include/rclcpp/rclcpp/network_flow_endpoint.hpp
-- Installing: /home/sauron/ros2-picas/install/rclcpp/include/rclcpp/rclcpp/logger.hpp
-- Installing: /home/sauron/ros2-picas/install/rclcpp/include/rclcpp/rclcpp/allocator
-- Installing: /home/sauron/ros2-picas/install/rclcpp/include/rclcpp/rclcpp/allocator/allocator_deleter.hpp
-- Installing: /home/sauron/ros2-picas/install/rclcpp/include/rclcpp/rclcpp/allocator/allocator_common.hpp
-- Installing: /home/sauron/ros2-picas/install/rclcpp/include/rclcpp/rclcpp/parameter_event_handler.hpp
-- Installing: /home/sauron/ros2-picas/install/rclcpp/include/rclcpp/rclcpp/create_client.hpp
-- Installing: /home/sauron/ros2-picas/install/rclcpp/include/rclcpp/rclcpp/macros.hpp
-- Installing: /home/sauron/ros2-picas/install/rclcpp/include/rclcpp/rclcpp/detail
-- Installing: /home/sauron/ros2-picas/install/rclcpp/include/rclcpp/rclcpp/detail/cpp_callback_trampoline.hpp
-- Installing: /home/sauron/ros2-picas/install/rclcpp/include/rclcpp/rclcpp/detail/README.md
-- Installing: /home/sauron/ros2-picas/install/rclcpp/include/rclcpp/rclcpp/detail/add_guard_condition_to_rcl_wait_set.hpp
-- Installing: /home/sauron/ros2-picas/install/rclcpp/include/rclcpp/rclcpp/detail/utilities.hpp
-- Installing: /home/sauron/ros2-picas/install/rclcpp/include/rclcpp/rclcpp/detail/rmw_implementation_specific_subscription_payload.hpp
-- Installing: /home/sauron/ros2-picas/install/rclcpp/include/rclcpp/rclcpp/detail/qos_parameters.hpp
-- Installing: /home/sauron/ros2-picas/install/rclcpp/include/rclcpp/rclcpp/detail/resolve_enable_topic_statistics.hpp
-- Installing: /home/sauron/ros2-picas/install/rclcpp/include/rclcpp/rclcpp/detail/rmw_implementation_specific_payload.hpp
-- Installing: /home/sauron/ros2-picas/install/rclcpp/include/rclcpp/rclcpp/detail/subscription_callback_type_helper.hpp
-- Installing: /home/sauron/ros2-picas/install/rclcpp/include/rclcpp/rclcpp/detail/resolve_intra_process_buffer_type.hpp
-- Installing: /home/sauron/ros2-picas/install/rclcpp/include/rclcpp/rclcpp/detail/rmw_implementation_specific_publisher_payload.hpp
-- Installing: /home/sauron/ros2-picas/install/rclcpp/include/rclcpp/rclcpp/detail/resolve_use_intra_process.hpp
-- Installing: /home/sauron/ros2-picas/install/rclcpp/include/rclcpp/rclcpp/context.hpp
-- Installing: /home/sauron/ros2-picas/install/rclcpp/include/rclcpp/rclcpp/topic_statistics
-- Installing: /home/sauron/ros2-picas/install/rclcpp/include/rclcpp/rclcpp/topic_statistics/subscription_topic_statistics.hpp
-- Installing: /home/sauron/ros2-picas/install/rclcpp/include/rclcpp/rclcpp/parameter_client.hpp
-- Installing: /home/sauron/ros2-picas/install/rclcpp/include/rclcpp/rclcpp/publisher_factory.hpp
-- Installing: /home/sauron/ros2-picas/install/rclcpp/include/rclcpp/rclcpp/wait_result.hpp
-- Installing: /home/sauron/ros2-picas/install/rclcpp/include/rclcpp/rclcpp/init_options.hpp
-- Installing: /home/sauron/ros2-picas/install/rclcpp/include/rclcpp/rclcpp/clock.hpp
-- Installing: /home/sauron/ros2-picas/install/rclcpp/include/rclcpp/rclcpp/executor.hpp
-- Installing: /home/sauron/ros2-picas/install/rclcpp/include/rclcpp/rclcpp/message_memory_strategy.hpp
-- Installing: /home/sauron/ros2-picas/install/rclcpp/include/rclcpp/rclcpp/node_impl.hpp
-- Installing: /home/sauron/ros2-picas/install/rclcpp/include/rclcpp/rclcpp/subscription_base.hpp
-- Installing: /home/sauron/ros2-picas/install/rclcpp/include/rclcpp/rclcpp/subscription_wait_set_mask.hpp
-- Installing: /home/sauron/ros2-picas/install/rclcpp/include/rclcpp/rclcpp/utilities.hpp
-- Installing: /home/sauron/ros2-picas/install/rclcpp/include/rclcpp/rclcpp/wait_set.hpp
-- Installing: /home/sauron/ros2-picas/install/rclcpp/include/rclcpp/rclcpp/exceptions.hpp
-- Installing: /home/sauron/ros2-picas/install/rclcpp/include/rclcpp/rclcpp/create_timer.hpp
-- Installing: /home/sauron/ros2-picas/install/rclcpp/include/rclcpp/rclcpp/timer.hpp
-- Installing: /home/sauron/ros2-picas/install/rclcpp/include/rclcpp/rclcpp/time.hpp
-- Installing: /home/sauron/ros2-picas/install/rclcpp/include/rclcpp/rclcpp/future_return_code.hpp
-- Installing: /home/sauron/ros2-picas/install/rclcpp/include/rclcpp/rclcpp/node.hpp
-- Installing: /home/sauron/ros2-picas/install/rclcpp/include/rclcpp/rclcpp/wait_result_kind.hpp
-- Installing: /home/sauron/ros2-picas/install/rclcpp/include/rclcpp/rclcpp/graph_listener.hpp
-- Installing: /home/sauron/ros2-picas/install/rclcpp/include/rclcpp/rclcpp/message_info.hpp
-- Installing: /home/sauron/ros2-picas/install/rclcpp/include/rclcpp/rclcpp/duration.hpp
-- Installing: /home/sauron/ros2-picas/install/rclcpp/include/rclcpp/rclcpp/executor_options.hpp
-- Installing: /home/sauron/ros2-picas/install/rclcpp/include/rclcpp/rclcpp/qos_overriding_options.hpp
-- Installing: /home/sauron/ros2-picas/install/rclcpp/include/rclcpp/rclcpp/time_source.hpp
-- Installing: /home/sauron/ros2-picas/install/rclcpp/include/rclcpp/rclcpp/loaned_message.hpp
-- Installing: /home/sauron/ros2-picas/install/rclcpp/include/rclcpp/rclcpp/create_generic_publisher.hpp
-- Installing: /home/sauron/ros2-picas/install/rclcpp/include/rclcpp/rclcpp/guard_condition.hpp
-- Installing: /home/sauron/ros2-picas/install/rclcpp/include/rclcpp/rclcpp/subscription.hpp
-- Installing: /home/sauron/ros2-picas/install/rclcpp/include/rclcpp/rclcpp/memory_strategies.hpp
-- Installing: /home/sauron/ros2-picas/install/rclcpp/include/rclcpp/rclcpp/subscription_factory.hpp
-- Installing: /home/sauron/ros2-picas/install/rclcpp/include/rclcpp/rclcpp/executors.hpp
-- Installing: /home/sauron/ros2-picas/install/rclcpp/include/rclcpp/rclcpp/parameter.hpp
-- Installing: /home/sauron/ros2-picas/install/rclcpp/include/rclcpp/rclcpp/publisher_options.hpp
-- Installing: /home/sauron/ros2-picas/install/rclcpp/include/rclcpp/rclcpp/executors
-- Installing: /home/sauron/ros2-picas/install/rclcpp/include/rclcpp/rclcpp/executors/single_threaded_executor.hpp
-- Installing: /home/sauron/ros2-picas/install/rclcpp/include/rclcpp/rclcpp/executors/static_single_threaded_executor.hpp
-- Installing: /home/sauron/ros2-picas/install/rclcpp/include/rclcpp/rclcpp/executors/multi_threaded_executor.hpp
-- Installing: /home/sauron/ros2-picas/install/rclcpp/include/rclcpp/rclcpp/executors/static_executor_entities_collector.hpp
-- Installing: /home/sauron/ros2-picas/install/rclcpp/include/rclcpp/rclcpp/rclcpp.hpp
-- Installing: /home/sauron/ros2-picas/install/rclcpp/include/rclcpp/rclcpp/event.hpp
-- Installing: /home/sauron/ros2-picas/install/rclcpp/include/rclcpp/rclcpp/type_support_decl.hpp
-- Installing: /home/sauron/ros2-picas/install/rclcpp/include/rclcpp/rclcpp/intra_process_buffer_type.hpp
-- Installing: /home/sauron/ros2-picas/install/rclcpp/include/rclcpp/rclcpp/create_generic_subscription.hpp
-- Installing: /home/sauron/ros2-picas/install/rclcpp/include/rclcpp/rclcpp/wait_set_template.hpp
-- Installing: /home/sauron/ros2-picas/install/rclcpp/include/rclcpp/rclcpp/publisher.hpp
-- Installing: /home/sauron/ros2-picas/install/rclcpp/include/rclcpp/rclcpp/memory_strategy.hpp
-- Installing: /home/sauron/ros2-picas/install/rclcpp/include/rclcpp/rclcpp/expand_topic_or_service_name.hpp
-- Installing: /home/sauron/ros2-picas/install/rclcpp/include/rclcpp/rclcpp/scope_exit.hpp
-- Installing: /home/sauron/ros2-picas/install/rclcpp/include/rclcpp/rclcpp/get_message_type_support_handle.hpp
-- Installing: /home/sauron/ros2-picas/install/rclcpp/include/rclcpp/rclcpp/intra_process_setting.hpp
-- Installing: /home/sauron/ros2-picas/install/rclcpp/include/rclcpp/rclcpp/parameter_events_filter.hpp
-- Installing: /home/sauron/ros2-picas/install/rclcpp/include/rclcpp/rclcpp/serialization.hpp
-- Installing: /home/sauron/ros2-picas/install/rclcpp/include/rclcpp/rclcpp/typesupport_helpers.hpp
-- Installing: /home/sauron/ros2-picas/install/rclcpp/include/rclcpp/rclcpp/subscription_options.hpp
-- Installing: /home/sauron/ros2-picas/install/rclcpp/include/rclcpp/rclcpp/node_interfaces
-- Installing: /home/sauron/ros2-picas/install/rclcpp/include/rclcpp/rclcpp/node_interfaces/node_logging.hpp
-- Installing: /home/sauron/ros2-picas/install/rclcpp/include/rclcpp/rclcpp/node_interfaces/node_services_interface.hpp
-- Installing: /home/sauron/ros2-picas/install/rclcpp/include/rclcpp/rclcpp/node_interfaces/node_time_source.hpp
-- Installing: /home/sauron/ros2-picas/install/rclcpp/include/rclcpp/rclcpp/node_interfaces/node_topics.hpp
-- Installing: /home/sauron/ros2-picas/install/rclcpp/include/rclcpp/rclcpp/node_interfaces/node_logging_interface.hpp
-- Installing: /home/sauron/ros2-picas/install/rclcpp/include/rclcpp/rclcpp/node_interfaces/node_graph_interface.hpp
-- Installing: /home/sauron/ros2-picas/install/rclcpp/include/rclcpp/rclcpp/node_interfaces/node_time_source_interface.hpp
-- Installing: /home/sauron/ros2-picas/install/rclcpp/include/rclcpp/rclcpp/node_interfaces/node_timers.hpp
-- Installing: /home/sauron/ros2-picas/install/rclcpp/include/rclcpp/rclcpp/node_interfaces/node_parameters.hpp
-- Installing: /home/sauron/ros2-picas/install/rclcpp/include/rclcpp/rclcpp/node_interfaces/node_base_interface.hpp
-- Installing: /home/sauron/ros2-picas/install/rclcpp/include/rclcpp/rclcpp/node_interfaces/node_clock_interface.hpp
-- Installing: /home/sauron/ros2-picas/install/rclcpp/include/rclcpp/rclcpp/node_interfaces/node_base.hpp
-- Installing: /home/sauron/ros2-picas/install/rclcpp/include/rclcpp/rclcpp/node_interfaces/node_clock.hpp
-- Installing: /home/sauron/ros2-picas/install/rclcpp/include/rclcpp/rclcpp/node_interfaces/node_parameters_interface.hpp
-- Installing: /home/sauron/ros2-picas/install/rclcpp/include/rclcpp/rclcpp/node_interfaces/node_topics_interface.hpp
-- Installing: /home/sauron/ros2-picas/install/rclcpp/include/rclcpp/rclcpp/node_interfaces/node_waitables_interface.hpp
-- Installing: /home/sauron/ros2-picas/install/rclcpp/include/rclcpp/rclcpp/node_interfaces/node_timers_interface.hpp
-- Installing: /home/sauron/ros2-picas/install/rclcpp/include/rclcpp/rclcpp/node_interfaces/node_waitables.hpp
-- Installing: /home/sauron/ros2-picas/install/rclcpp/include/rclcpp/rclcpp/node_interfaces/node_graph.hpp
-- Installing: /home/sauron/ros2-picas/install/rclcpp/include/rclcpp/rclcpp/node_interfaces/node_services.hpp
-- Installing: /home/sauron/ros2-picas/install/rclcpp/include/rclcpp/rclcpp/strategies
-- Installing: /home/sauron/ros2-picas/install/rclcpp/include/rclcpp/rclcpp/strategies/allocator_memory_strategy.hpp
-- Installing: /home/sauron/ros2-picas/install/rclcpp/include/rclcpp/rclcpp/strategies/message_pool_memory_strategy.hpp
-- Installing: /home/sauron/ros2-picas/install/rclcpp/include/rclcpp/rclcpp/create_subscription.hpp
-- Installing: /home/sauron/ros2-picas/install/rclcpp/include/rclcpp/rclcpp/visibility_control.hpp
-- Installing: /home/sauron/ros2-picas/install/rclcpp/include/rclcpp/rclcpp/node_options.hpp
-- Installing: /home/sauron/ros2-picas/install/rclcpp/include/rclcpp/rclcpp/publisher_base.hpp
-- Installing: /home/sauron/ros2-picas/install/rclcpp/include/rclcpp/rclcpp/create_publisher.hpp
-- Installing: /home/sauron/ros2-picas/install/rclcpp/include/rclcpp/rclcpp/subscription_traits.hpp
-- Installing: /home/sauron/ros2-picas/install/rclcpp/include/rclcpp/rclcpp/topic_statistics_state.hpp
-- Installing: /home/sauron/ros2-picas/install/rclcpp/include/rclcpp/rclcpp/parameter_service.hpp
-- Installing: /home/sauron/ros2-picas/install/rclcpp/include/rclcpp/rclcpp/contexts
-- Installing: /home/sauron/ros2-picas/install/rclcpp/include/rclcpp/rclcpp/contexts/default_context.hpp
-- Installing: /home/sauron/ros2-picas/install/rclcpp/include/rclcpp/rclcpp/exceptions
-- Installing: /home/sauron/ros2-picas/install/rclcpp/include/rclcpp/rclcpp/exceptions/exceptions.hpp
-- Installing: /home/sauron/ros2-picas/install/rclcpp/include/rclcpp/rclcpp/create_service.hpp
-- Installing: /home/sauron/ros2-picas/install/rclcpp/include/rclcpp/rclcpp/generic_publisher.hpp
-- Installing: /home/sauron/ros2-picas/install/rclcpp/include/rclcpp/rclcpp/function_traits.hpp
-- Installing: /home/sauron/ros2-picas/install/rclcpp/include/rclcpp/rclcpp/parameter_map.hpp
-- Installing: /home/sauron/ros2-picas/install/rclcpp/include/rclcpp/rclcpp/type_adapter.hpp
-- Installing: /home/sauron/ros2-picas/install/rclcpp/include/rclcpp/rclcpp/is_ros_compatible_type.hpp
-- Installing: /home/sauron/ros2-picas/install/rclcpp/include/rclcpp/rclcpp/any_subscription_callback.hpp
-- Installing: /home/sauron/ros2-picas/install/rclcpp/include/rclcpp/rclcpp/service.hpp
-- Installing: /home/sauron/ros2-picas/install/rclcpp/include/rclcpp/rclcpp/parameter_value.hpp
-- Installing: /home/sauron/ros2-picas/install/rclcpp/include/rclcpp/rclcpp/waitable.hpp
-- Installing: /home/sauron/ros2-picas/install/rclcpp/include/rclcpp/rclcpp/experimental
-- Installing: /home/sauron/ros2-picas/install/rclcpp/include/rclcpp/rclcpp/experimental/README.md
-- Installing: /home/sauron/ros2-picas/install/rclcpp/include/rclcpp/rclcpp/experimental/subscription_intra_process.hpp
-- Installing: /home/sauron/ros2-picas/install/rclcpp/include/rclcpp/rclcpp/experimental/intra_process_manager.hpp
-- Installing: /home/sauron/ros2-picas/install/rclcpp/include/rclcpp/rclcpp/experimental/create_intra_process_buffer.hpp
-- Installing: /home/sauron/ros2-picas/install/rclcpp/include/rclcpp/rclcpp/experimental/buffers
-- Installing: /home/sauron/ros2-picas/install/rclcpp/include/rclcpp/rclcpp/experimental/buffers/buffer_implementation_base.hpp
-- Installing: /home/sauron/ros2-picas/install/rclcpp/include/rclcpp/rclcpp/experimental/buffers/intra_process_buffer.hpp
-- Installing: /home/sauron/ros2-picas/install/rclcpp/include/rclcpp/rclcpp/experimental/buffers/ring_buffer_implementation.hpp
-- Installing: /home/sauron/ros2-picas/install/rclcpp/include/rclcpp/rclcpp/experimental/executable_list.hpp
-- Installing: /home/sauron/ros2-picas/install/rclcpp/include/rclcpp/rclcpp/experimental/subscription_intra_process_buffer.hpp
-- Installing: /home/sauron/ros2-picas/install/rclcpp/include/rclcpp/rclcpp/experimental/subscription_intra_process_base.hpp
-- Installing: /home/sauron/ros2-picas/install/rclcpp/include/rclcpp/rclcpp/experimental/ros_message_intra_process_buffer.hpp
-- Installing: /home/sauron/ros2-picas/install/rclcpp/include/rclcpp/rclcpp/client.hpp
-- Installing: /home/sauron/ros2-picas/install/rclcpp/include/rclcpp/rclcpp/subscription_content_filter_options.hpp
-- Installing: /home/sauron/ros2-picas/install/rclcpp/include/rclcpp/rclcpp/rate.hpp
-- Installing: /home/sauron/ros2-picas/install/rclcpp/include/rclcpp/rclcpp/serialized_message.hpp
-- Installing: /home/sauron/ros2-picas/install/rclcpp/include/rclcpp/rclcpp/wait_for_message.hpp
-- Up-to-date: /home/sauron/ros2-picas/install/rclcpp/include/rclcpp
-- Up-to-date: /home/sauron/ros2-picas/install/rclcpp/include/rclcpp/rclcpp
-- Installing: /home/sauron/ros2-picas/install/rclcpp/include/rclcpp/rclcpp/logging.hpp
-- Up-to-date: /home/sauron/ros2-picas/install/rclcpp/include/rclcpp/rclcpp/node_interfaces
-- Installing: /home/sauron/ros2-picas/install/rclcpp/include/rclcpp/rclcpp/node_interfaces/node_waitables_interface_traits.hpp
-- Installing: /home/sauron/ros2-picas/install/rclcpp/include/rclcpp/rclcpp/node_interfaces/get_node_waitables_interface.hpp
-- Installing: /home/sauron/ros2-picas/install/rclcpp/include/rclcpp/rclcpp/node_interfaces/node_clock_interface_traits.hpp
-- Installing: /home/sauron/ros2-picas/install/rclcpp/include/rclcpp/rclcpp/node_interfaces/node_timers_interface_traits.hpp
-- Installing: /home/sauron/ros2-picas/install/rclcpp/include/rclcpp/rclcpp/node_interfaces/get_node_topics_interface.hpp
-- Installing: /home/sauron/ros2-picas/install/rclcpp/include/rclcpp/rclcpp/node_interfaces/get_node_graph_interface.hpp
-- Installing: /home/sauron/ros2-picas/install/rclcpp/include/rclcpp/rclcpp/node_interfaces/node_graph_interface_traits.hpp
-- Installing: /home/sauron/ros2-picas/install/rclcpp/include/rclcpp/rclcpp/node_interfaces/node_parameters_interface_traits.hpp
-- Installing: /home/sauron/ros2-picas/install/rclcpp/include/rclcpp/rclcpp/node_interfaces/node_time_source_interface_traits.hpp
-- Installing: /home/sauron/ros2-picas/install/rclcpp/include/rclcpp/rclcpp/node_interfaces/get_node_parameters_interface.hpp
-- Installing: /home/sauron/ros2-picas/install/rclcpp/include/rclcpp/rclcpp/node_interfaces/get_node_logging_interface.hpp
-- Installing: /home/sauron/ros2-picas/install/rclcpp/include/rclcpp/rclcpp/node_interfaces/get_node_clock_interface.hpp
-- Installing: /home/sauron/ros2-picas/install/rclcpp/include/rclcpp/rclcpp/node_interfaces/get_node_timers_interface.hpp
-- Installing: /home/sauron/ros2-picas/install/rclcpp/include/rclcpp/rclcpp/node_interfaces/get_node_time_source_interface.hpp
-- Installing: /home/sauron/ros2-picas/install/rclcpp/include/rclcpp/rclcpp/node_interfaces/node_logging_interface_traits.hpp
-- Installing: /home/sauron/ros2-picas/install/rclcpp/include/rclcpp/rclcpp/node_interfaces/get_node_services_interface.hpp
-- Installing: /home/sauron/ros2-picas/install/rclcpp/include/rclcpp/rclcpp/node_interfaces/get_node_base_interface.hpp
-- Installing: /home/sauron/ros2-picas/install/rclcpp/include/rclcpp/rclcpp/node_interfaces/node_base_interface_traits.hpp
-- Installing: /home/sauron/ros2-picas/install/rclcpp/include/rclcpp/rclcpp/node_interfaces/node_services_interface_traits.hpp
-- Installing: /home/sauron/ros2-picas/install/rclcpp/include/rclcpp/rclcpp/node_interfaces/node_topics_interface_traits.hpp
-- Installing: /home/sauron/ros2-picas/install/rclcpp/include/rclcpp/rclcpp/version.h
