[35m[1mConsolidate compiler generated dependencies of target trace_picas[0m
[100%] Built target trace_picas
-- Install configuration: ""
-- Up-to-date: /home/sauron/ros2-picas/install/trace_picas/share/trace_picas/environment/library_path.sh
-- Up-to-date: /home/sauron/ros2-picas/install/trace_picas/share/trace_picas/environment/library_path.dsv
-- Up-to-date: /home/sauron/ros2-picas/install/trace_picas/include/trace_picas/
-- Up-to-date: /home/sauron/ros2-picas/install/trace_picas/include/trace_picas//trace.hpp
-- Up-to-date: /home/sauron/ros2-picas/install/trace_picas/lib/libtrace_picas.a
-- Up-to-date: /home/sauron/ros2-picas/install/trace_picas/share/ament_index/resource_index/package_run_dependencies/trace_picas
-- Up-to-date: /home/sauron/ros2-picas/install/trace_picas/share/ament_index/resource_index/parent_prefix_path/trace_picas
-- Up-to-date: /home/sauron/ros2-picas/install/trace_picas/share/trace_picas/environment/ament_prefix_path.dsv
-- Up-to-date: /home/sauron/ros2-picas/install/trace_picas/share/trace_picas/environment/path.dsv
-- Up-to-date: /home/sauron/ros2-picas/install/trace_picas/share/trace_picas/local_setup.bash
-- Up-to-date: /home/sauron/ros2-picas/install/trace_picas/share/trace_picas/local_setup.sh
-- Up-to-date: /home/sauron/ros2-picas/install/trace_picas/share/trace_picas/local_setup.zsh
-- Up-to-date: /home/sauron/ros2-picas/install/trace_picas/share/trace_picas/local_setup.dsv
-- Up-to-date: /home/sauron/ros2-picas/install/trace_picas/share/trace_picas/package.dsv
-- Up-to-date: /home/sauron/ros2-picas/install/trace_picas/share/ament_index/resource_index/packages/trace_picas
-- Up-to-date: /home/sauron/ros2-picas/install/trace_picas/share/trace_picas/cmake/export_traceExport.cmake
-- Up-to-date: /home/sauron/ros2-picas/install/trace_picas/share/trace_picas/cmake/export_traceExport-noconfig.cmake
-- Up-to-date: /home/sauron/ros2-picas/install/trace_picas/share/trace_picas/cmake/ament_cmake_export_dependencies-extras.cmake
-- Up-to-date: /home/sauron/ros2-picas/install/trace_picas/share/trace_picas/cmake/ament_cmake_export_targets-extras.cmake
-- Up-to-date: /home/sauron/ros2-picas/install/trace_picas/share/trace_picas/cmake/ament_cmake_export_include_directories-extras.cmake
-- Up-to-date: /home/sauron/ros2-picas/install/trace_picas/share/trace_picas/cmake/ament_cmake_export_libraries-extras.cmake
-- Up-to-date: /home/sauron/ros2-picas/install/trace_picas/share/trace_picas/cmake/trace_picasConfig.cmake
-- Up-to-date: /home/sauron/ros2-picas/install/trace_picas/share/trace_picas/cmake/trace_picasConfig-version.cmake
-- Up-to-date: /home/sauron/ros2-picas/install/trace_picas/share/trace_picas/package.xml
