[35m[1mConsolidate compiler generated dependencies of target picas_msgs__rosidl_generator_c[0m
[  2%] Built target picas_msgs__cpp
[ 12%] Built target picas_msgs__rosidl_generator_c
[ 12%] Built target ament_cmake_python_copy_picas_msgs
[35m[1mConsolidate compiler generated dependencies of target picas_msgs__rosidl_typesupport_c[0m
[35m[1mConsolidate compiler generated dependencies of target picas_msgs__rosidl_typesupport_introspection_c[0m
[35m[1mConsolidate compiler generated dependencies of target picas_msgs__rosidl_typesupport_introspection_cpp[0m
[35m[1mConsolidate compiler generated dependencies of target picas_msgs__rosidl_typesupport_cpp[0m
[35m[1mConsolidate compiler generated dependencies of target picas_msgs__rosidl_typesupport_fastrtps_cpp[0m
[35m[1mConsolidate compiler generated dependencies of target picas_msgs__rosidl_typesupport_fastrtps_c[0m
[ 23%] Built target picas_msgs__rosidl_typesupport_c
[ 41%] Built target picas_msgs__rosidl_typesupport_cpp
[ 43%] Built target picas_msgs__rosidl_typesupport_introspection_cpp
[ 61%] Built target picas_msgs__rosidl_typesupport_introspection_c
[ 64%] Built target picas_msgs__rosidl_typesupport_fastrtps_cpp
[ 74%] Built target picas_msgs__rosidl_typesupport_fastrtps_c
[ 74%] Built target picas_msgs
[ 76%] Built target picas_msgs__py
[35m[1mConsolidate compiler generated dependencies of target picas_msgs__rosidl_generator_py[0m
[ 84%] Built target picas_msgs__rosidl_generator_py
[35m[1mConsolidate compiler generated dependencies of target picas_msgs__rosidl_typesupport_fastrtps_c__pyext[0m
[35m[1mConsolidate compiler generated dependencies of target picas_msgs__rosidl_typesupport_c__pyext[0m
[35m[1mConsolidate compiler generated dependencies of target picas_msgs__rosidl_typesupport_introspection_c__pyext[0m
[100%] Built target picas_msgs__rosidl_typesupport_fastrtps_c__pyext
[100%] Built target picas_msgs__rosidl_typesupport_introspection_c__pyext
[100%] Built target picas_msgs__rosidl_typesupport_c__pyext
running egg_info
writing picas_msgs.egg-info/PKG-INFO
writing dependency_links to picas_msgs.egg-info/dependency_links.txt
writing top-level names to picas_msgs.egg-info/top_level.txt
reading manifest file 'picas_msgs.egg-info/SOURCES.txt'
writing manifest file 'picas_msgs.egg-info/SOURCES.txt'
[100%] Built target ament_cmake_python_build_picas_msgs_egg
-- Install configuration: ""
-- Installing: /home/sauron/ros2-picas/install/picas_msgs/share/ament_index/resource_index/rosidl_interfaces/picas_msgs
-- Installing: /home/sauron/ros2-picas/install/picas_msgs/include/picas_msgs/picas_msgs
-- Installing: /home/sauron/ros2-picas/install/picas_msgs/include/picas_msgs/picas_msgs/msg
-- Installing: /home/sauron/ros2-picas/install/picas_msgs/include/picas_msgs/picas_msgs/msg/detail
-- Installing: /home/sauron/ros2-picas/install/picas_msgs/include/picas_msgs/picas_msgs/msg/detail/test_string__functions.h
-- Installing: /home/sauron/ros2-picas/install/picas_msgs/include/picas_msgs/picas_msgs/msg/detail/test_string__type_support.h
-- Installing: /home/sauron/ros2-picas/install/picas_msgs/include/picas_msgs/picas_msgs/msg/detail/u_time__struct.h
-- Installing: /home/sauron/ros2-picas/install/picas_msgs/include/picas_msgs/picas_msgs/msg/detail/u_time__functions.h
-- Installing: /home/sauron/ros2-picas/install/picas_msgs/include/picas_msgs/picas_msgs/msg/detail/test_string__functions.c
-- Installing: /home/sauron/ros2-picas/install/picas_msgs/include/picas_msgs/picas_msgs/msg/detail/test_string__struct.h
-- Installing: /home/sauron/ros2-picas/install/picas_msgs/include/picas_msgs/picas_msgs/msg/detail/u_time__type_support.h
-- Installing: /home/sauron/ros2-picas/install/picas_msgs/include/picas_msgs/picas_msgs/msg/detail/u_time__functions.c
-- Installing: /home/sauron/ros2-picas/install/picas_msgs/include/picas_msgs/picas_msgs/msg/test_string.h
-- Installing: /home/sauron/ros2-picas/install/picas_msgs/include/picas_msgs/picas_msgs/msg/u_time.h
-- Installing: /home/sauron/ros2-picas/install/picas_msgs/include/picas_msgs/picas_msgs/msg/rosidl_generator_c__visibility_control.h
-- Installing: /home/sauron/ros2-picas/install/picas_msgs/share/picas_msgs/environment/library_path.sh
-- Installing: /home/sauron/ros2-picas/install/picas_msgs/share/picas_msgs/environment/library_path.dsv
-- Installing: /home/sauron/ros2-picas/install/picas_msgs/lib/libpicas_msgs__rosidl_generator_c.so
-- Set runtime path of "/home/sauron/ros2-picas/install/picas_msgs/lib/libpicas_msgs__rosidl_generator_c.so" to ""
-- Up-to-date: /home/sauron/ros2-picas/install/picas_msgs/include/picas_msgs/picas_msgs
-- Up-to-date: /home/sauron/ros2-picas/install/picas_msgs/include/picas_msgs/picas_msgs/msg
-- Installing: /home/sauron/ros2-picas/install/picas_msgs/include/picas_msgs/picas_msgs/msg/rosidl_typesupport_fastrtps_c__visibility_control.h
-- Up-to-date: /home/sauron/ros2-picas/install/picas_msgs/include/picas_msgs/picas_msgs/msg/detail
-- Installing: /home/sauron/ros2-picas/install/picas_msgs/include/picas_msgs/picas_msgs/msg/detail/u_time__rosidl_typesupport_fastrtps_c.h
-- Installing: /home/sauron/ros2-picas/install/picas_msgs/include/picas_msgs/picas_msgs/msg/detail/test_string__rosidl_typesupport_fastrtps_c.h
-- Installing: /home/sauron/ros2-picas/install/picas_msgs/lib/libpicas_msgs__rosidl_typesupport_fastrtps_c.so
-- Set runtime path of "/home/sauron/ros2-picas/install/picas_msgs/lib/libpicas_msgs__rosidl_typesupport_fastrtps_c.so" to ""
-- Up-to-date: /home/sauron/ros2-picas/install/picas_msgs/include/picas_msgs/picas_msgs
-- Up-to-date: /home/sauron/ros2-picas/install/picas_msgs/include/picas_msgs/picas_msgs/msg
-- Up-to-date: /home/sauron/ros2-picas/install/picas_msgs/include/picas_msgs/picas_msgs/msg/detail
-- Installing: /home/sauron/ros2-picas/install/picas_msgs/include/picas_msgs/picas_msgs/msg/detail/u_time__struct.hpp
-- Installing: /home/sauron/ros2-picas/install/picas_msgs/include/picas_msgs/picas_msgs/msg/detail/u_time__builder.hpp
-- Installing: /home/sauron/ros2-picas/install/picas_msgs/include/picas_msgs/picas_msgs/msg/detail/test_string__traits.hpp
-- Installing: /home/sauron/ros2-picas/install/picas_msgs/include/picas_msgs/picas_msgs/msg/detail/u_time__traits.hpp
-- Installing: /home/sauron/ros2-picas/install/picas_msgs/include/picas_msgs/picas_msgs/msg/detail/test_string__struct.hpp
-- Installing: /home/sauron/ros2-picas/install/picas_msgs/include/picas_msgs/picas_msgs/msg/detail/test_string__builder.hpp
-- Installing: /home/sauron/ros2-picas/install/picas_msgs/include/picas_msgs/picas_msgs/msg/test_string.hpp
-- Installing: /home/sauron/ros2-picas/install/picas_msgs/include/picas_msgs/picas_msgs/msg/u_time.hpp
-- Up-to-date: /home/sauron/ros2-picas/install/picas_msgs/include/picas_msgs/picas_msgs
-- Up-to-date: /home/sauron/ros2-picas/install/picas_msgs/include/picas_msgs/picas_msgs/msg
-- Installing: /home/sauron/ros2-picas/install/picas_msgs/include/picas_msgs/picas_msgs/msg/rosidl_typesupport_fastrtps_cpp__visibility_control.h
-- Up-to-date: /home/sauron/ros2-picas/install/picas_msgs/include/picas_msgs/picas_msgs/msg/detail
-- Installing: /home/sauron/ros2-picas/install/picas_msgs/include/picas_msgs/picas_msgs/msg/detail/dds_fastrtps
-- Installing: /home/sauron/ros2-picas/install/picas_msgs/include/picas_msgs/picas_msgs/msg/detail/u_time__rosidl_typesupport_fastrtps_cpp.hpp
-- Installing: /home/sauron/ros2-picas/install/picas_msgs/include/picas_msgs/picas_msgs/msg/detail/test_string__rosidl_typesupport_fastrtps_cpp.hpp
-- Installing: /home/sauron/ros2-picas/install/picas_msgs/lib/libpicas_msgs__rosidl_typesupport_fastrtps_cpp.so
-- Set runtime path of "/home/sauron/ros2-picas/install/picas_msgs/lib/libpicas_msgs__rosidl_typesupport_fastrtps_cpp.so" to ""
-- Up-to-date: /home/sauron/ros2-picas/install/picas_msgs/include/picas_msgs/picas_msgs
-- Up-to-date: /home/sauron/ros2-picas/install/picas_msgs/include/picas_msgs/picas_msgs/msg
-- Up-to-date: /home/sauron/ros2-picas/install/picas_msgs/include/picas_msgs/picas_msgs/msg/detail
-- Installing: /home/sauron/ros2-picas/install/picas_msgs/include/picas_msgs/picas_msgs/msg/detail/u_time__rosidl_typesupport_introspection_c.h
-- Installing: /home/sauron/ros2-picas/install/picas_msgs/include/picas_msgs/picas_msgs/msg/detail/test_string__type_support.c
-- Installing: /home/sauron/ros2-picas/install/picas_msgs/include/picas_msgs/picas_msgs/msg/detail/u_time__type_support.c
-- Installing: /home/sauron/ros2-picas/install/picas_msgs/include/picas_msgs/picas_msgs/msg/detail/test_string__rosidl_typesupport_introspection_c.h
-- Installing: /home/sauron/ros2-picas/install/picas_msgs/include/picas_msgs/picas_msgs/msg/rosidl_typesupport_introspection_c__visibility_control.h
-- Installing: /home/sauron/ros2-picas/install/picas_msgs/lib/libpicas_msgs__rosidl_typesupport_introspection_c.so
-- Set runtime path of "/home/sauron/ros2-picas/install/picas_msgs/lib/libpicas_msgs__rosidl_typesupport_introspection_c.so" to ""
-- Installing: /home/sauron/ros2-picas/install/picas_msgs/lib/libpicas_msgs__rosidl_typesupport_c.so
-- Set runtime path of "/home/sauron/ros2-picas/install/picas_msgs/lib/libpicas_msgs__rosidl_typesupport_c.so" to ""
-- Up-to-date: /home/sauron/ros2-picas/install/picas_msgs/include/picas_msgs/picas_msgs
-- Up-to-date: /home/sauron/ros2-picas/install/picas_msgs/include/picas_msgs/picas_msgs/msg
-- Up-to-date: /home/sauron/ros2-picas/install/picas_msgs/include/picas_msgs/picas_msgs/msg/detail
-- Installing: /home/sauron/ros2-picas/install/picas_msgs/include/picas_msgs/picas_msgs/msg/detail/u_time__rosidl_typesupport_introspection_cpp.hpp
-- Installing: /home/sauron/ros2-picas/install/picas_msgs/include/picas_msgs/picas_msgs/msg/detail/test_string__type_support.cpp
-- Installing: /home/sauron/ros2-picas/install/picas_msgs/include/picas_msgs/picas_msgs/msg/detail/test_string__rosidl_typesupport_introspection_cpp.hpp
-- Installing: /home/sauron/ros2-picas/install/picas_msgs/include/picas_msgs/picas_msgs/msg/detail/u_time__type_support.cpp
-- Installing: /home/sauron/ros2-picas/install/picas_msgs/lib/libpicas_msgs__rosidl_typesupport_introspection_cpp.so
-- Set runtime path of "/home/sauron/ros2-picas/install/picas_msgs/lib/libpicas_msgs__rosidl_typesupport_introspection_cpp.so" to ""
-- Installing: /home/sauron/ros2-picas/install/picas_msgs/lib/libpicas_msgs__rosidl_typesupport_cpp.so
-- Set runtime path of "/home/sauron/ros2-picas/install/picas_msgs/lib/libpicas_msgs__rosidl_typesupport_cpp.so" to ""
-- Installing: /home/sauron/ros2-picas/install/picas_msgs/share/picas_msgs/environment/pythonpath.sh
-- Installing: /home/sauron/ros2-picas/install/picas_msgs/share/picas_msgs/environment/pythonpath.dsv
-- Installing: /home/sauron/ros2-picas/install/picas_msgs/local/lib/python3.10/dist-packages/picas_msgs-1.2.1-py3.10.egg-info
-- Installing: /home/sauron/ros2-picas/install/picas_msgs/local/lib/python3.10/dist-packages/picas_msgs-1.2.1-py3.10.egg-info/top_level.txt
-- Installing: /home/sauron/ros2-picas/install/picas_msgs/local/lib/python3.10/dist-packages/picas_msgs-1.2.1-py3.10.egg-info/SOURCES.txt
-- Installing: /home/sauron/ros2-picas/install/picas_msgs/local/lib/python3.10/dist-packages/picas_msgs-1.2.1-py3.10.egg-info/dependency_links.txt
-- Installing: /home/sauron/ros2-picas/install/picas_msgs/local/lib/python3.10/dist-packages/picas_msgs-1.2.1-py3.10.egg-info/PKG-INFO
-- Installing: /home/sauron/ros2-picas/install/picas_msgs/local/lib/python3.10/dist-packages/picas_msgs
-- Installing: /home/sauron/ros2-picas/install/picas_msgs/local/lib/python3.10/dist-packages/picas_msgs/msg
-- Installing: /home/sauron/ros2-picas/install/picas_msgs/local/lib/python3.10/dist-packages/picas_msgs/msg/_test_string.py
-- Installing: /home/sauron/ros2-picas/install/picas_msgs/local/lib/python3.10/dist-packages/picas_msgs/msg/_u_time.py
-- Installing: /home/sauron/ros2-picas/install/picas_msgs/local/lib/python3.10/dist-packages/picas_msgs/msg/_u_time_s.c
-- Installing: /home/sauron/ros2-picas/install/picas_msgs/local/lib/python3.10/dist-packages/picas_msgs/msg/__init__.py
-- Installing: /home/sauron/ros2-picas/install/picas_msgs/local/lib/python3.10/dist-packages/picas_msgs/msg/_test_string_s.c
-- Installing: /home/sauron/ros2-picas/install/picas_msgs/local/lib/python3.10/dist-packages/picas_msgs/picas_msgs_s__rosidl_typesupport_introspection_c.cpython-310-x86_64-linux-gnu.so
-- Installing: /home/sauron/ros2-picas/install/picas_msgs/local/lib/python3.10/dist-packages/picas_msgs/_picas_msgs_s.ep.rosidl_typesupport_introspection_c.c
-- Installing: /home/sauron/ros2-picas/install/picas_msgs/local/lib/python3.10/dist-packages/picas_msgs/libpicas_msgs__rosidl_generator_py.so
-- Installing: /home/sauron/ros2-picas/install/picas_msgs/local/lib/python3.10/dist-packages/picas_msgs/__init__.py
-- Installing: /home/sauron/ros2-picas/install/picas_msgs/local/lib/python3.10/dist-packages/picas_msgs/_picas_msgs_s.ep.rosidl_typesupport_fastrtps_c.c
-- Installing: /home/sauron/ros2-picas/install/picas_msgs/local/lib/python3.10/dist-packages/picas_msgs/picas_msgs_s__rosidl_typesupport_c.cpython-310-x86_64-linux-gnu.so
-- Installing: /home/sauron/ros2-picas/install/picas_msgs/local/lib/python3.10/dist-packages/picas_msgs/picas_msgs_s__rosidl_typesupport_fastrtps_c.cpython-310-x86_64-linux-gnu.so
-- Installing: /home/sauron/ros2-picas/install/picas_msgs/local/lib/python3.10/dist-packages/picas_msgs/_picas_msgs_s.ep.rosidl_typesupport_c.c
Listing '/home/sauron/ros2-picas/install/picas_msgs/local/lib/python3.10/dist-packages/picas_msgs'...
Compiling '/home/sauron/ros2-picas/install/picas_msgs/local/lib/python3.10/dist-packages/picas_msgs/__init__.py'...
Listing '/home/sauron/ros2-picas/install/picas_msgs/local/lib/python3.10/dist-packages/picas_msgs/msg'...
Compiling '/home/sauron/ros2-picas/install/picas_msgs/local/lib/python3.10/dist-packages/picas_msgs/msg/__init__.py'...
Compiling '/home/sauron/ros2-picas/install/picas_msgs/local/lib/python3.10/dist-packages/picas_msgs/msg/_test_string.py'...
Compiling '/home/sauron/ros2-picas/install/picas_msgs/local/lib/python3.10/dist-packages/picas_msgs/msg/_u_time.py'...
-- Installing: /home/sauron/ros2-picas/install/picas_msgs/local/lib/python3.10/dist-packages/picas_msgs/picas_msgs_s__rosidl_typesupport_introspection_c.cpython-310-x86_64-linux-gnu.so
-- Set runtime path of "/home/sauron/ros2-picas/install/picas_msgs/local/lib/python3.10/dist-packages/picas_msgs/picas_msgs_s__rosidl_typesupport_introspection_c.cpython-310-x86_64-linux-gnu.so" to ""
-- Installing: /home/sauron/ros2-picas/install/picas_msgs/local/lib/python3.10/dist-packages/picas_msgs/picas_msgs_s__rosidl_typesupport_fastrtps_c.cpython-310-x86_64-linux-gnu.so
-- Set runtime path of "/home/sauron/ros2-picas/install/picas_msgs/local/lib/python3.10/dist-packages/picas_msgs/picas_msgs_s__rosidl_typesupport_fastrtps_c.cpython-310-x86_64-linux-gnu.so" to ""
-- Installing: /home/sauron/ros2-picas/install/picas_msgs/local/lib/python3.10/dist-packages/picas_msgs/picas_msgs_s__rosidl_typesupport_c.cpython-310-x86_64-linux-gnu.so
-- Set runtime path of "/home/sauron/ros2-picas/install/picas_msgs/local/lib/python3.10/dist-packages/picas_msgs/picas_msgs_s__rosidl_typesupport_c.cpython-310-x86_64-linux-gnu.so" to ""
-- Installing: /home/sauron/ros2-picas/install/picas_msgs/lib/libpicas_msgs__rosidl_generator_py.so
-- Set runtime path of "/home/sauron/ros2-picas/install/picas_msgs/lib/libpicas_msgs__rosidl_generator_py.so" to ""
-- Installing: /home/sauron/ros2-picas/install/picas_msgs/share/picas_msgs/msg/TestString.idl
-- Installing: /home/sauron/ros2-picas/install/picas_msgs/share/picas_msgs/msg/UTime.idl
-- Installing: /home/sauron/ros2-picas/install/picas_msgs/share/picas_msgs/msg/TestString.msg
-- Installing: /home/sauron/ros2-picas/install/picas_msgs/share/picas_msgs/msg/UTime.msg
-- Installing: /home/sauron/ros2-picas/install/picas_msgs/share/ament_index/resource_index/package_run_dependencies/picas_msgs
-- Installing: /home/sauron/ros2-picas/install/picas_msgs/share/ament_index/resource_index/parent_prefix_path/picas_msgs
-- Installing: /home/sauron/ros2-picas/install/picas_msgs/share/picas_msgs/environment/ament_prefix_path.sh
-- Installing: /home/sauron/ros2-picas/install/picas_msgs/share/picas_msgs/environment/ament_prefix_path.dsv
-- Installing: /home/sauron/ros2-picas/install/picas_msgs/share/picas_msgs/environment/path.sh
-- Installing: /home/sauron/ros2-picas/install/picas_msgs/share/picas_msgs/environment/path.dsv
-- Installing: /home/sauron/ros2-picas/install/picas_msgs/share/picas_msgs/local_setup.bash
-- Installing: /home/sauron/ros2-picas/install/picas_msgs/share/picas_msgs/local_setup.sh
-- Installing: /home/sauron/ros2-picas/install/picas_msgs/share/picas_msgs/local_setup.zsh
-- Installing: /home/sauron/ros2-picas/install/picas_msgs/share/picas_msgs/local_setup.dsv
-- Installing: /home/sauron/ros2-picas/install/picas_msgs/share/picas_msgs/package.dsv
-- Installing: /home/sauron/ros2-picas/install/picas_msgs/share/ament_index/resource_index/packages/picas_msgs
-- Installing: /home/sauron/ros2-picas/install/picas_msgs/share/picas_msgs/cmake/export_picas_msgs__rosidl_generator_cExport.cmake
-- Installing: /home/sauron/ros2-picas/install/picas_msgs/share/picas_msgs/cmake/export_picas_msgs__rosidl_generator_cExport-noconfig.cmake
-- Installing: /home/sauron/ros2-picas/install/picas_msgs/share/picas_msgs/cmake/export_picas_msgs__rosidl_typesupport_fastrtps_cExport.cmake
-- Installing: /home/sauron/ros2-picas/install/picas_msgs/share/picas_msgs/cmake/export_picas_msgs__rosidl_typesupport_fastrtps_cExport-noconfig.cmake
-- Installing: /home/sauron/ros2-picas/install/picas_msgs/share/picas_msgs/cmake/export_picas_msgs__rosidl_generator_cppExport.cmake
-- Installing: /home/sauron/ros2-picas/install/picas_msgs/share/picas_msgs/cmake/export_picas_msgs__rosidl_typesupport_fastrtps_cppExport.cmake
-- Installing: /home/sauron/ros2-picas/install/picas_msgs/share/picas_msgs/cmake/export_picas_msgs__rosidl_typesupport_fastrtps_cppExport-noconfig.cmake
-- Installing: /home/sauron/ros2-picas/install/picas_msgs/share/picas_msgs/cmake/picas_msgs__rosidl_typesupport_introspection_cExport.cmake
-- Installing: /home/sauron/ros2-picas/install/picas_msgs/share/picas_msgs/cmake/picas_msgs__rosidl_typesupport_introspection_cExport-noconfig.cmake
-- Installing: /home/sauron/ros2-picas/install/picas_msgs/share/picas_msgs/cmake/picas_msgs__rosidl_typesupport_cExport.cmake
-- Installing: /home/sauron/ros2-picas/install/picas_msgs/share/picas_msgs/cmake/picas_msgs__rosidl_typesupport_cExport-noconfig.cmake
-- Installing: /home/sauron/ros2-picas/install/picas_msgs/share/picas_msgs/cmake/picas_msgs__rosidl_typesupport_introspection_cppExport.cmake
-- Installing: /home/sauron/ros2-picas/install/picas_msgs/share/picas_msgs/cmake/picas_msgs__rosidl_typesupport_introspection_cppExport-noconfig.cmake
-- Installing: /home/sauron/ros2-picas/install/picas_msgs/share/picas_msgs/cmake/picas_msgs__rosidl_typesupport_cppExport.cmake
-- Installing: /home/sauron/ros2-picas/install/picas_msgs/share/picas_msgs/cmake/picas_msgs__rosidl_typesupport_cppExport-noconfig.cmake
-- Installing: /home/sauron/ros2-picas/install/picas_msgs/share/picas_msgs/cmake/export_picas_msgs__rosidl_generator_pyExport.cmake
-- Installing: /home/sauron/ros2-picas/install/picas_msgs/share/picas_msgs/cmake/export_picas_msgs__rosidl_generator_pyExport-noconfig.cmake
-- Installing: /home/sauron/ros2-picas/install/picas_msgs/share/picas_msgs/cmake/rosidl_cmake-extras.cmake
-- Installing: /home/sauron/ros2-picas/install/picas_msgs/share/picas_msgs/cmake/ament_cmake_export_dependencies-extras.cmake
-- Installing: /home/sauron/ros2-picas/install/picas_msgs/share/picas_msgs/cmake/ament_cmake_export_include_directories-extras.cmake
-- Installing: /home/sauron/ros2-picas/install/picas_msgs/share/picas_msgs/cmake/ament_cmake_export_libraries-extras.cmake
-- Installing: /home/sauron/ros2-picas/install/picas_msgs/share/picas_msgs/cmake/ament_cmake_export_targets-extras.cmake
-- Installing: /home/sauron/ros2-picas/install/picas_msgs/share/picas_msgs/cmake/rosidl_cmake_export_typesupport_targets-extras.cmake
-- Installing: /home/sauron/ros2-picas/install/picas_msgs/share/picas_msgs/cmake/rosidl_cmake_export_typesupport_libraries-extras.cmake
-- Installing: /home/sauron/ros2-picas/install/picas_msgs/share/picas_msgs/cmake/picas_msgsConfig.cmake
-- Installing: /home/sauron/ros2-picas/install/picas_msgs/share/picas_msgs/cmake/picas_msgsConfig-version.cmake
-- Installing: /home/sauron/ros2-picas/install/picas_msgs/share/picas_msgs/package.xml
