[0.032s] Invoking command in '/home/sauron/ros2-picas/build/rclcpp': CMAKE_PREFIX_PATH=${CMAKE_PREFIX_PATH}:/home/sauron/ros2_humble/install/rqt_bag_plugins:/home/sauron/ros2_humble/install/rqt_bag:/home/sauron/ros2_humble/install/ros2bag:/home/sauron/ros2_humble/install/tracetools_test:/home/sauron/ros2_humble/install/tracetools_launch:/home/sauron/ros2_humble/install/topic_monitor:/home/sauron/ros2_humble/install/tf2_tools:/home/sauron/ros2_humble/install/examples_tf2_py:/home/sauron/ros2_humble/install/tf2_ros_py:/home/sauron/ros2_humble/install/sros2:/home/sauron/ros2_humble/install/rqt_topic:/home/sauron/ros2_humble/install/rqt_srv:/home/sauron/ros2_humble/install/rqt_shell:/home/sauron/ros2_humble/install/rqt_service_caller:/home/sauron/ros2_humble/install/rqt_reconfigure:/home/sauron/ros2_humble/install/rqt_py_console:/home/sauron/ros2_humble/install/rqt_publisher:/home/sauron/ros2_humble/install/rqt_plot:/home/sauron/ros2_humble/install/rqt_action:/home/sauron/ros2_humble/install/rqt_msg:/home/sauron/ros2_humble/install/rqt_console:/home/sauron/ros2_humble/install/rqt:/home/sauron/ros2_humble/install/rqt_graph:/home/sauron/ros2_humble/install/rqt_gui_py:/home/sauron/ros2_humble/install/rqt_gui:/home/sauron/ros2_humble/install/ros2trace:/home/sauron/ros2_humble/install/ros2topic:/home/sauron/ros2_humble/install/ros2test:/home/sauron/ros2_humble/install/ros2component:/home/sauron/ros2_humble/install/ros2param:/home/sauron/ros2_humble/install/ros2lifecycle:/home/sauron/ros2_humble/install/ros2service:/home/sauron/ros2_humble/install/ros2run:/home/sauron/ros2_humble/install/ros2launch:/home/sauron/ros2_humble/install/ros2pkg:/home/sauron/ros2_humble/install/ros2node:/home/sauron/ros2_humble/install/ros2multicast:/home/sauron/ros2_humble/install/ros2interface:/home/sauron/ros2_humble/install/ros2doctor:/home/sauron/ros2_humble/install/ros2action:/home/sauron/ros2_humble/install/ros2cli:/home/sauron/ros2_humble/install/quality_of_service_demo_py:/home/sauron/ros2_humble/install/lifecycle_py:/home/sauron/ros2_humble/install/launch_testing_ros:/home/sauron/ros2_humble/install/launch_ros:/home/sauron/ros2_humble/install/examples_rclpy_pointcloud_publisher:/home/sauron/ros2_humble/install/examples_rclpy_minimal_subscriber:/home/sauron/ros2_humble/install/examples_rclpy_minimal_service:/home/sauron/ros2_humble/install/examples_rclpy_minimal_publisher:/home/sauron/ros2_humble/install/examples_rclpy_minimal_client:/home/sauron/ros2_humble/install/examples_rclpy_minimal_action_server:/home/sauron/ros2_humble/install/examples_rclpy_minimal_action_client:/home/sauron/ros2_humble/install/examples_rclpy_guard_conditions:/home/sauron/ros2_humble/install/examples_rclpy_executors:/home/sauron/ros2_humble/install/demo_nodes_py:/home/sauron/ros2_humble/install/action_tutorials_py:/home/sauron/ros2_humble/install/ament_uncrustify:/home/sauron/ros2_humble/install/tracetools_trace:/home/sauron/ros2_humble/install/tracetools_read:/home/sauron/ros2_humble/install/test_tracetools_launch:/home/sauron/ros2_humble/install/test_launch_ros:/home/sauron/ros2_humble/install/sensor_msgs_py:/home/sauron/ros2_humble/install/rpyutils:/home/sauron/ros2_humble/install/rosidl_runtime_py:/home/sauron/ros2_humble/install/rosidl_cli:/home/sauron/ros2_humble/install/launch_pytest:/home/sauron/ros2_humble/install/launch_testing:/home/sauron/ros2_humble/install/launch_yaml:/home/sauron/ros2_humble/install/launch_xml:/home/sauron/ros2_humble/install/launch:/home/sauron/ros2_humble/install/osrf_pycommon:/home/sauron/ros2_humble/install/launch_testing_examples:/home/sauron/ros2_humble/install/domain_coordinator:/home/sauron/ros2_humble/install/ament_xmllint:/home/sauron/ros2_humble/install/ament_pyflakes:/home/sauron/ros2_humble/install/ament_pycodestyle:/home/sauron/ros2_humble/install/ament_pep257:/home/sauron/ros2_humble/install/ament_pclint:/home/sauron/ros2_humble/install/ament_package:/home/sauron/ros2_humble/install/ament_mypy:/home/sauron/ros2_humble/install/ament_lint_cmake:/home/sauron/ros2_humble/install/ament_flake8:/home/sauron/ros2_humble/install/ament_copyright:/home/sauron/ros2_humble/install/ament_lint:/home/sauron/ros2_humble/install/ament_index_python:/home/sauron/ros2_humble/install/ament_cpplint:/home/sauron/ros2_humble/install/ament_cppcheck:/home/sauron/ros2_humble/install/ament_clang_tidy:/home/sauron/ros2_humble/install/ament_clang_format /usr/bin/cmake --build /home/sauron/ros2-picas/build/rclcpp -- -j20 -l20
[0.090s] [  1%] Built target ament_generate_version_header__rclcpp
[0.143s] [100%] Built target rclcpp
[0.153s] Invoked command in '/home/sauron/ros2-picas/build/rclcpp' returned '0': CMAKE_PREFIX_PATH=${CMAKE_PREFIX_PATH}:/home/sauron/ros2_humble/install/rqt_bag_plugins:/home/sauron/ros2_humble/install/rqt_bag:/home/sauron/ros2_humble/install/ros2bag:/home/sauron/ros2_humble/install/tracetools_test:/home/sauron/ros2_humble/install/tracetools_launch:/home/sauron/ros2_humble/install/topic_monitor:/home/sauron/ros2_humble/install/tf2_tools:/home/sauron/ros2_humble/install/examples_tf2_py:/home/sauron/ros2_humble/install/tf2_ros_py:/home/sauron/ros2_humble/install/sros2:/home/sauron/ros2_humble/install/rqt_topic:/home/sauron/ros2_humble/install/rqt_srv:/home/sauron/ros2_humble/install/rqt_shell:/home/sauron/ros2_humble/install/rqt_service_caller:/home/sauron/ros2_humble/install/rqt_reconfigure:/home/sauron/ros2_humble/install/rqt_py_console:/home/sauron/ros2_humble/install/rqt_publisher:/home/sauron/ros2_humble/install/rqt_plot:/home/sauron/ros2_humble/install/rqt_action:/home/sauron/ros2_humble/install/rqt_msg:/home/sauron/ros2_humble/install/rqt_console:/home/sauron/ros2_humble/install/rqt:/home/sauron/ros2_humble/install/rqt_graph:/home/sauron/ros2_humble/install/rqt_gui_py:/home/sauron/ros2_humble/install/rqt_gui:/home/sauron/ros2_humble/install/ros2trace:/home/sauron/ros2_humble/install/ros2topic:/home/sauron/ros2_humble/install/ros2test:/home/sauron/ros2_humble/install/ros2component:/home/sauron/ros2_humble/install/ros2param:/home/sauron/ros2_humble/install/ros2lifecycle:/home/sauron/ros2_humble/install/ros2service:/home/sauron/ros2_humble/install/ros2run:/home/sauron/ros2_humble/install/ros2launch:/home/sauron/ros2_humble/install/ros2pkg:/home/sauron/ros2_humble/install/ros2node:/home/sauron/ros2_humble/install/ros2multicast:/home/sauron/ros2_humble/install/ros2interface:/home/sauron/ros2_humble/install/ros2doctor:/home/sauron/ros2_humble/install/ros2action:/home/sauron/ros2_humble/install/ros2cli:/home/sauron/ros2_humble/install/quality_of_service_demo_py:/home/sauron/ros2_humble/install/lifecycle_py:/home/sauron/ros2_humble/install/launch_testing_ros:/home/sauron/ros2_humble/install/launch_ros:/home/sauron/ros2_humble/install/examples_rclpy_pointcloud_publisher:/home/sauron/ros2_humble/install/examples_rclpy_minimal_subscriber:/home/sauron/ros2_humble/install/examples_rclpy_minimal_service:/home/sauron/ros2_humble/install/examples_rclpy_minimal_publisher:/home/sauron/ros2_humble/install/examples_rclpy_minimal_client:/home/sauron/ros2_humble/install/examples_rclpy_minimal_action_server:/home/sauron/ros2_humble/install/examples_rclpy_minimal_action_client:/home/sauron/ros2_humble/install/examples_rclpy_guard_conditions:/home/sauron/ros2_humble/install/examples_rclpy_executors:/home/sauron/ros2_humble/install/demo_nodes_py:/home/sauron/ros2_humble/install/action_tutorials_py:/home/sauron/ros2_humble/install/ament_uncrustify:/home/sauron/ros2_humble/install/tracetools_trace:/home/sauron/ros2_humble/install/tracetools_read:/home/sauron/ros2_humble/install/test_tracetools_launch:/home/sauron/ros2_humble/install/test_launch_ros:/home/sauron/ros2_humble/install/sensor_msgs_py:/home/sauron/ros2_humble/install/rpyutils:/home/sauron/ros2_humble/install/rosidl_runtime_py:/home/sauron/ros2_humble/install/rosidl_cli:/home/sauron/ros2_humble/install/launch_pytest:/home/sauron/ros2_humble/install/launch_testing:/home/sauron/ros2_humble/install/launch_yaml:/home/sauron/ros2_humble/install/launch_xml:/home/sauron/ros2_humble/install/launch:/home/sauron/ros2_humble/install/osrf_pycommon:/home/sauron/ros2_humble/install/launch_testing_examples:/home/sauron/ros2_humble/install/domain_coordinator:/home/sauron/ros2_humble/install/ament_xmllint:/home/sauron/ros2_humble/install/ament_pyflakes:/home/sauron/ros2_humble/install/ament_pycodestyle:/home/sauron/ros2_humble/install/ament_pep257:/home/sauron/ros2_humble/install/ament_pclint:/home/sauron/ros2_humble/install/ament_package:/home/sauron/ros2_humble/install/ament_mypy:/home/sauron/ros2_humble/install/ament_lint_cmake:/home/sauron/ros2_humble/install/ament_flake8:/home/sauron/ros2_humble/install/ament_copyright:/home/sauron/ros2_humble/install/ament_lint:/home/sauron/ros2_humble/install/ament_index_python:/home/sauron/ros2_humble/install/ament_cpplint:/home/sauron/ros2_humble/install/ament_cppcheck:/home/sauron/ros2_humble/install/ament_clang_tidy:/home/sauron/ros2_humble/install/ament_clang_format /usr/bin/cmake --build /home/sauron/ros2-picas/build/rclcpp -- -j20 -l20
[0.499s] Invoking command in '/home/sauron/ros2-picas/build/rclcpp': CMAKE_PREFIX_PATH=${CMAKE_PREFIX_PATH}:/home/sauron/ros2_humble/install/rqt_bag_plugins:/home/sauron/ros2_humble/install/rqt_bag:/home/sauron/ros2_humble/install/ros2bag:/home/sauron/ros2_humble/install/tracetools_test:/home/sauron/ros2_humble/install/tracetools_launch:/home/sauron/ros2_humble/install/topic_monitor:/home/sauron/ros2_humble/install/tf2_tools:/home/sauron/ros2_humble/install/examples_tf2_py:/home/sauron/ros2_humble/install/tf2_ros_py:/home/sauron/ros2_humble/install/sros2:/home/sauron/ros2_humble/install/rqt_topic:/home/sauron/ros2_humble/install/rqt_srv:/home/sauron/ros2_humble/install/rqt_shell:/home/sauron/ros2_humble/install/rqt_service_caller:/home/sauron/ros2_humble/install/rqt_reconfigure:/home/sauron/ros2_humble/install/rqt_py_console:/home/sauron/ros2_humble/install/rqt_publisher:/home/sauron/ros2_humble/install/rqt_plot:/home/sauron/ros2_humble/install/rqt_action:/home/sauron/ros2_humble/install/rqt_msg:/home/sauron/ros2_humble/install/rqt_console:/home/sauron/ros2_humble/install/rqt:/home/sauron/ros2_humble/install/rqt_graph:/home/sauron/ros2_humble/install/rqt_gui_py:/home/sauron/ros2_humble/install/rqt_gui:/home/sauron/ros2_humble/install/ros2trace:/home/sauron/ros2_humble/install/ros2topic:/home/sauron/ros2_humble/install/ros2test:/home/sauron/ros2_humble/install/ros2component:/home/sauron/ros2_humble/install/ros2param:/home/sauron/ros2_humble/install/ros2lifecycle:/home/sauron/ros2_humble/install/ros2service:/home/sauron/ros2_humble/install/ros2run:/home/sauron/ros2_humble/install/ros2launch:/home/sauron/ros2_humble/install/ros2pkg:/home/sauron/ros2_humble/install/ros2node:/home/sauron/ros2_humble/install/ros2multicast:/home/sauron/ros2_humble/install/ros2interface:/home/sauron/ros2_humble/install/ros2doctor:/home/sauron/ros2_humble/install/ros2action:/home/sauron/ros2_humble/install/ros2cli:/home/sauron/ros2_humble/install/quality_of_service_demo_py:/home/sauron/ros2_humble/install/lifecycle_py:/home/sauron/ros2_humble/install/launch_testing_ros:/home/sauron/ros2_humble/install/launch_ros:/home/sauron/ros2_humble/install/examples_rclpy_pointcloud_publisher:/home/sauron/ros2_humble/install/examples_rclpy_minimal_subscriber:/home/sauron/ros2_humble/install/examples_rclpy_minimal_service:/home/sauron/ros2_humble/install/examples_rclpy_minimal_publisher:/home/sauron/ros2_humble/install/examples_rclpy_minimal_client:/home/sauron/ros2_humble/install/examples_rclpy_minimal_action_server:/home/sauron/ros2_humble/install/examples_rclpy_minimal_action_client:/home/sauron/ros2_humble/install/examples_rclpy_guard_conditions:/home/sauron/ros2_humble/install/examples_rclpy_executors:/home/sauron/ros2_humble/install/demo_nodes_py:/home/sauron/ros2_humble/install/action_tutorials_py:/home/sauron/ros2_humble/install/ament_uncrustify:/home/sauron/ros2_humble/install/tracetools_trace:/home/sauron/ros2_humble/install/tracetools_read:/home/sauron/ros2_humble/install/test_tracetools_launch:/home/sauron/ros2_humble/install/test_launch_ros:/home/sauron/ros2_humble/install/sensor_msgs_py:/home/sauron/ros2_humble/install/rpyutils:/home/sauron/ros2_humble/install/rosidl_runtime_py:/home/sauron/ros2_humble/install/rosidl_cli:/home/sauron/ros2_humble/install/launch_pytest:/home/sauron/ros2_humble/install/launch_testing:/home/sauron/ros2_humble/install/launch_yaml:/home/sauron/ros2_humble/install/launch_xml:/home/sauron/ros2_humble/install/launch:/home/sauron/ros2_humble/install/osrf_pycommon:/home/sauron/ros2_humble/install/launch_testing_examples:/home/sauron/ros2_humble/install/domain_coordinator:/home/sauron/ros2_humble/install/ament_xmllint:/home/sauron/ros2_humble/install/ament_pyflakes:/home/sauron/ros2_humble/install/ament_pycodestyle:/home/sauron/ros2_humble/install/ament_pep257:/home/sauron/ros2_humble/install/ament_pclint:/home/sauron/ros2_humble/install/ament_package:/home/sauron/ros2_humble/install/ament_mypy:/home/sauron/ros2_humble/install/ament_lint_cmake:/home/sauron/ros2_humble/install/ament_flake8:/home/sauron/ros2_humble/install/ament_copyright:/home/sauron/ros2_humble/install/ament_lint:/home/sauron/ros2_humble/install/ament_index_python:/home/sauron/ros2_humble/install/ament_cpplint:/home/sauron/ros2_humble/install/ament_cppcheck:/home/sauron/ros2_humble/install/ament_clang_tidy:/home/sauron/ros2_humble/install/ament_clang_format /usr/bin/cmake --install /home/sauron/ros2-picas/build/rclcpp
[0.506s] -- Install configuration: ""
[0.506s] -- Up-to-date: /home/sauron/ros2-picas/install/rclcpp/lib/librclcpp.so
[0.506s] -- Up-to-date: /home/sauron/ros2-picas/install/rclcpp/share/rclcpp/environment/library_path.sh
[0.506s] -- Up-to-date: /home/sauron/ros2-picas/install/rclcpp/share/rclcpp/environment/library_path.dsv
[0.506s] -- Up-to-date: /home/sauron/ros2-picas/install/rclcpp/share/ament_index/resource_index/package_run_dependencies/rclcpp
[0.507s] -- Up-to-date: /home/sauron/ros2-picas/install/rclcpp/share/ament_index/resource_index/parent_prefix_path/rclcpp
[0.507s] -- Up-to-date: /home/sauron/ros2-picas/install/rclcpp/share/rclcpp/environment/ament_prefix_path.dsv
[0.507s] -- Up-to-date: /home/sauron/ros2-picas/install/rclcpp/share/rclcpp/environment/path.dsv
[0.507s] -- Up-to-date: /home/sauron/ros2-picas/install/rclcpp/share/rclcpp/local_setup.bash
[0.508s] -- Up-to-date: /home/sauron/ros2-picas/install/rclcpp/share/rclcpp/local_setup.sh
[0.508s] -- Up-to-date: /home/sauron/ros2-picas/install/rclcpp/share/rclcpp/local_setup.zsh
[0.508s] -- Up-to-date: /home/sauron/ros2-picas/install/rclcpp/share/rclcpp/local_setup.dsv
[0.508s] -- Installing: /home/sauron/ros2-picas/install/rclcpp/share/rclcpp/package.dsv
[0.508s] -- Up-to-date: /home/sauron/ros2-picas/install/rclcpp/share/ament_index/resource_index/packages/rclcpp
[0.508s] -- Up-to-date: /home/sauron/ros2-picas/install/rclcpp/share/rclcpp/cmake/rclcppExport.cmake
[0.508s] -- Up-to-date: /home/sauron/ros2-picas/install/rclcpp/share/rclcpp/cmake/rclcppExport-noconfig.cmake
[0.508s] -- Up-to-date: /home/sauron/ros2-picas/install/rclcpp/share/rclcpp/cmake/ament_cmake_export_include_directories-extras.cmake
[0.508s] -- Up-to-date: /home/sauron/ros2-picas/install/rclcpp/share/rclcpp/cmake/ament_cmake_export_libraries-extras.cmake
[0.508s] -- Up-to-date: /home/sauron/ros2-picas/install/rclcpp/share/rclcpp/cmake/ament_cmake_export_targets-extras.cmake
[0.508s] -- Up-to-date: /home/sauron/ros2-picas/install/rclcpp/share/rclcpp/cmake/ament_cmake_export_dependencies-extras.cmake
[0.509s] -- Up-to-date: /home/sauron/ros2-picas/install/rclcpp/share/rclcpp/cmake/rclcppConfig.cmake
[0.510s] -- Up-to-date: /home/sauron/ros2-picas/install/rclcpp/share/rclcpp/cmake/rclcppConfig-version.cmake
[0.512s] -- Up-to-date: /home/sauron/ros2-picas/install/rclcpp/share/rclcpp/package.xml
[0.512s] -- Up-to-date: /home/sauron/ros2-picas/install/rclcpp/include/rclcpp
[0.513s] -- Up-to-date: /home/sauron/ros2-picas/install/rclcpp/include/rclcpp/rclcpp
[0.514s] -- Up-to-date: /home/sauron/ros2-picas/install/rclcpp/include/rclcpp/rclcpp/cb_sched.hpp
[0.515s] -- Up-to-date: /home/sauron/ros2-picas/install/rclcpp/include/rclcpp/rclcpp/qos_event.hpp
[0.515s] -- Up-to-date: /home/sauron/ros2-picas/install/rclcpp/include/rclcpp/rclcpp/generic_subscription.hpp
[0.515s] -- Up-to-date: /home/sauron/ros2-picas/install/rclcpp/include/rclcpp/rclcpp/qos.hpp
[0.515s] -- Up-to-date: /home/sauron/ros2-picas/install/rclcpp/include/rclcpp/rclcpp/callback_group.hpp
[0.515s] -- Up-to-date: /home/sauron/ros2-picas/install/rclcpp/include/rclcpp/rclcpp/wait_set_policies
[0.516s] -- Up-to-date: /home/sauron/ros2-picas/install/rclcpp/include/rclcpp/rclcpp/wait_set_policies/detail
[0.517s] -- Up-to-date: /home/sauron/ros2-picas/install/rclcpp/include/rclcpp/rclcpp/wait_set_policies/detail/storage_policy_common.hpp
[0.517s] -- Up-to-date: /home/sauron/ros2-picas/install/rclcpp/include/rclcpp/rclcpp/wait_set_policies/detail/write_preferring_read_write_lock.hpp
[0.517s] -- Up-to-date: /home/sauron/ros2-picas/install/rclcpp/include/rclcpp/rclcpp/wait_set_policies/detail/synchronization_policy_common.hpp
[0.518s] -- Up-to-date: /home/sauron/ros2-picas/install/rclcpp/include/rclcpp/rclcpp/wait_set_policies/static_storage.hpp
[0.518s] -- Up-to-date: /home/sauron/ros2-picas/install/rclcpp/include/rclcpp/rclcpp/wait_set_policies/thread_safe_synchronization.hpp
[0.518s] -- Up-to-date: /home/sauron/ros2-picas/install/rclcpp/include/rclcpp/rclcpp/wait_set_policies/sequential_synchronization.hpp
[0.518s] -- Up-to-date: /home/sauron/ros2-picas/install/rclcpp/include/rclcpp/rclcpp/wait_set_policies/dynamic_storage.hpp
[0.518s] -- Up-to-date: /home/sauron/ros2-picas/install/rclcpp/include/rclcpp/rclcpp/any_executable.hpp
[0.518s] -- Up-to-date: /home/sauron/ros2-picas/install/rclcpp/include/rclcpp/rclcpp/any_service_callback.hpp
[0.518s] -- Up-to-date: /home/sauron/ros2-picas/install/rclcpp/include/rclcpp/rclcpp/network_flow_endpoint.hpp
[0.519s] -- Up-to-date: /home/sauron/ros2-picas/install/rclcpp/include/rclcpp/rclcpp/logger.hpp
[0.519s] -- Up-to-date: /home/sauron/ros2-picas/install/rclcpp/include/rclcpp/rclcpp/allocator
[0.519s] -- Up-to-date: /home/sauron/ros2-picas/install/rclcpp/include/rclcpp/rclcpp/allocator/allocator_deleter.hpp
[0.519s] -- Up-to-date: /home/sauron/ros2-picas/install/rclcpp/include/rclcpp/rclcpp/allocator/allocator_common.hpp
[0.519s] -- Up-to-date: /home/sauron/ros2-picas/install/rclcpp/include/rclcpp/rclcpp/parameter_event_handler.hpp
[0.519s] -- Up-to-date: /home/sauron/ros2-picas/install/rclcpp/include/rclcpp/rclcpp/create_client.hpp
[0.520s] -- Up-to-date: /home/sauron/ros2-picas/install/rclcpp/include/rclcpp/rclcpp/macros.hpp
[0.520s] -- Up-to-date: /home/sauron/ros2-picas/install/rclcpp/include/rclcpp/rclcpp/detail
[0.520s] -- Up-to-date: /home/sauron/ros2-picas/install/rclcpp/include/rclcpp/rclcpp/detail/cpp_callback_trampoline.hpp
[0.522s] -- Up-to-date: /home/sauron/ros2-picas/install/rclcpp/include/rclcpp/rclcpp/detail/README.md
[0.522s] -- Up-to-date: /home/sauron/ros2-picas/install/rclcpp/include/rclcpp/rclcpp/detail/add_guard_condition_to_rcl_wait_set.hpp
[0.522s] -- Up-to-date: /home/sauron/ros2-picas/install/rclcpp/include/rclcpp/rclcpp/detail/utilities.hpp
[0.523s] -- Up-to-date: /home/sauron/ros2-picas/install/rclcpp/include/rclcpp/rclcpp/detail/rmw_implementation_specific_subscription_payload.hpp
[0.523s] -- Up-to-date: /home/sauron/ros2-picas/install/rclcpp/include/rclcpp/rclcpp/detail/qos_parameters.hpp
[0.523s] -- Up-to-date: /home/sauron/ros2-picas/install/rclcpp/include/rclcpp/rclcpp/detail/resolve_enable_topic_statistics.hpp
[0.523s] -- Up-to-date: /home/sauron/ros2-picas/install/rclcpp/include/rclcpp/rclcpp/detail/rmw_implementation_specific_payload.hpp
[0.523s] -- Up-to-date: /home/sauron/ros2-picas/install/rclcpp/include/rclcpp/rclcpp/detail/subscription_callback_type_helper.hpp
[0.524s] -- Up-to-date: /home/sauron/ros2-picas/install/rclcpp/include/rclcpp/rclcpp/detail/resolve_intra_process_buffer_type.hpp
[0.526s] -- Up-to-date: /home/sauron/ros2-picas/install/rclcpp/include/rclcpp/rclcpp/detail/rmw_implementation_specific_publisher_payload.hpp
[0.526s] -- Up-to-date: /home/sauron/ros2-picas/install/rclcpp/include/rclcpp/rclcpp/detail/resolve_use_intra_process.hpp
[0.526s] -- Up-to-date: /home/sauron/ros2-picas/install/rclcpp/include/rclcpp/rclcpp/context.hpp
[0.526s] -- Up-to-date: /home/sauron/ros2-picas/install/rclcpp/include/rclcpp/rclcpp/topic_statistics
[0.527s] -- Up-to-date: /home/sauron/ros2-picas/install/rclcpp/include/rclcpp/rclcpp/topic_statistics/subscription_topic_statistics.hpp
[0.527s] -- Up-to-date: /home/sauron/ros2-picas/install/rclcpp/include/rclcpp/rclcpp/parameter_client.hpp
[0.528s] -- Up-to-date: /home/sauron/ros2-picas/install/rclcpp/include/rclcpp/rclcpp/publisher_factory.hpp
[0.531s] -- Up-to-date: /home/sauron/ros2-picas/install/rclcpp/include/rclcpp/rclcpp/wait_result.hpp
[0.531s] -- Up-to-date: /home/sauron/ros2-picas/install/rclcpp/include/rclcpp/rclcpp/init_options.hpp
[0.531s] -- Up-to-date: /home/sauron/ros2-picas/install/rclcpp/include/rclcpp/rclcpp/clock.hpp
[0.531s] -- Up-to-date: /home/sauron/ros2-picas/install/rclcpp/include/rclcpp/rclcpp/executor.hpp
[0.532s] -- Up-to-date: /home/sauron/ros2-picas/install/rclcpp/include/rclcpp/rclcpp/message_memory_strategy.hpp
[0.532s] -- Up-to-date: /home/sauron/ros2-picas/install/rclcpp/include/rclcpp/rclcpp/node_impl.hpp
[0.532s] -- Up-to-date: /home/sauron/ros2-picas/install/rclcpp/include/rclcpp/rclcpp/subscription_base.hpp
[0.532s] -- Up-to-date: /home/sauron/ros2-picas/install/rclcpp/include/rclcpp/rclcpp/subscription_wait_set_mask.hpp
[0.532s] -- Up-to-date: /home/sauron/ros2-picas/install/rclcpp/include/rclcpp/rclcpp/utilities.hpp
[0.533s] -- Up-to-date: /home/sauron/ros2-picas/install/rclcpp/include/rclcpp/rclcpp/wait_set.hpp
[0.533s] -- Up-to-date: /home/sauron/ros2-picas/install/rclcpp/include/rclcpp/rclcpp/exceptions.hpp
[0.533s] -- Up-to-date: /home/sauron/ros2-picas/install/rclcpp/include/rclcpp/rclcpp/create_timer.hpp
[0.534s] -- Up-to-date: /home/sauron/ros2-picas/install/rclcpp/include/rclcpp/rclcpp/timer.hpp
[0.534s] -- Up-to-date: /home/sauron/ros2-picas/install/rclcpp/include/rclcpp/rclcpp/time.hpp
[0.534s] -- Up-to-date: /home/sauron/ros2-picas/install/rclcpp/include/rclcpp/rclcpp/future_return_code.hpp
[0.534s] -- Up-to-date: /home/sauron/ros2-picas/install/rclcpp/include/rclcpp/rclcpp/node.hpp
[0.535s] -- Up-to-date: /home/sauron/ros2-picas/install/rclcpp/include/rclcpp/rclcpp/wait_result_kind.hpp
[0.535s] -- Up-to-date: /home/sauron/ros2-picas/install/rclcpp/include/rclcpp/rclcpp/graph_listener.hpp
[0.535s] -- Up-to-date: /home/sauron/ros2-picas/install/rclcpp/include/rclcpp/rclcpp/message_info.hpp
[0.535s] -- Up-to-date: /home/sauron/ros2-picas/install/rclcpp/include/rclcpp/rclcpp/duration.hpp
[0.535s] -- Up-to-date: /home/sauron/ros2-picas/install/rclcpp/include/rclcpp/rclcpp/executor_options.hpp
[0.535s] -- Up-to-date: /home/sauron/ros2-picas/install/rclcpp/include/rclcpp/rclcpp/qos_overriding_options.hpp
[0.535s] -- Up-to-date: /home/sauron/ros2-picas/install/rclcpp/include/rclcpp/rclcpp/time_source.hpp
[0.535s] -- Up-to-date: /home/sauron/ros2-picas/install/rclcpp/include/rclcpp/rclcpp/loaned_message.hpp
[0.535s] -- Up-to-date: /home/sauron/ros2-picas/install/rclcpp/include/rclcpp/rclcpp/create_generic_publisher.hpp
[0.535s] -- Up-to-date: /home/sauron/ros2-picas/install/rclcpp/include/rclcpp/rclcpp/guard_condition.hpp
[0.535s] -- Up-to-date: /home/sauron/ros2-picas/install/rclcpp/include/rclcpp/rclcpp/subscription.hpp
[0.535s] -- Up-to-date: /home/sauron/ros2-picas/install/rclcpp/include/rclcpp/rclcpp/memory_strategies.hpp
[0.535s] -- Up-to-date: /home/sauron/ros2-picas/install/rclcpp/include/rclcpp/rclcpp/subscription_factory.hpp
[0.535s] -- Up-to-date: /home/sauron/ros2-picas/install/rclcpp/include/rclcpp/rclcpp/executors.hpp
[0.535s] -- Up-to-date: /home/sauron/ros2-picas/install/rclcpp/include/rclcpp/rclcpp/parameter.hpp
[0.535s] -- Up-to-date: /home/sauron/ros2-picas/install/rclcpp/include/rclcpp/rclcpp/publisher_options.hpp
[0.535s] -- Up-to-date: /home/sauron/ros2-picas/install/rclcpp/include/rclcpp/rclcpp/executors
[0.535s] -- Up-to-date: /home/sauron/ros2-picas/install/rclcpp/include/rclcpp/rclcpp/executors/single_threaded_executor.hpp
[0.535s] -- Up-to-date: /home/sauron/ros2-picas/install/rclcpp/include/rclcpp/rclcpp/executors/static_single_threaded_executor.hpp
[0.535s] -- Up-to-date: /home/sauron/ros2-picas/install/rclcpp/include/rclcpp/rclcpp/executors/multi_threaded_executor.hpp
[0.535s] -- Up-to-date: /home/sauron/ros2-picas/install/rclcpp/include/rclcpp/rclcpp/executors/static_executor_entities_collector.hpp
[0.535s] -- Up-to-date: /home/sauron/ros2-picas/install/rclcpp/include/rclcpp/rclcpp/rclcpp.hpp
[0.535s] -- Up-to-date: /home/sauron/ros2-picas/install/rclcpp/include/rclcpp/rclcpp/event.hpp
[0.535s] -- Up-to-date: /home/sauron/ros2-picas/install/rclcpp/include/rclcpp/rclcpp/type_support_decl.hpp
[0.535s] -- Up-to-date: /home/sauron/ros2-picas/install/rclcpp/include/rclcpp/rclcpp/intra_process_buffer_type.hpp
[0.535s] -- Up-to-date: /home/sauron/ros2-picas/install/rclcpp/include/rclcpp/rclcpp/create_generic_subscription.hpp
[0.535s] -- Up-to-date: /home/sauron/ros2-picas/install/rclcpp/include/rclcpp/rclcpp/wait_set_template.hpp
[0.535s] -- Up-to-date: /home/sauron/ros2-picas/install/rclcpp/include/rclcpp/rclcpp/publisher.hpp
[0.535s] -- Up-to-date: /home/sauron/ros2-picas/install/rclcpp/include/rclcpp/rclcpp/memory_strategy.hpp
[0.535s] -- Up-to-date: /home/sauron/ros2-picas/install/rclcpp/include/rclcpp/rclcpp/expand_topic_or_service_name.hpp
[0.535s] -- Up-to-date: /home/sauron/ros2-picas/install/rclcpp/include/rclcpp/rclcpp/scope_exit.hpp
[0.535s] -- Up-to-date: /home/sauron/ros2-picas/install/rclcpp/include/rclcpp/rclcpp/get_message_type_support_handle.hpp
[0.535s] -- Up-to-date: /home/sauron/ros2-picas/install/rclcpp/include/rclcpp/rclcpp/intra_process_setting.hpp
[0.535s] -- Up-to-date: /home/sauron/ros2-picas/install/rclcpp/include/rclcpp/rclcpp/parameter_events_filter.hpp
[0.535s] -- Up-to-date: /home/sauron/ros2-picas/install/rclcpp/include/rclcpp/rclcpp/serialization.hpp
[0.536s] -- Up-to-date: /home/sauron/ros2-picas/install/rclcpp/include/rclcpp/rclcpp/typesupport_helpers.hpp
[0.536s] -- Up-to-date: /home/sauron/ros2-picas/install/rclcpp/include/rclcpp/rclcpp/subscription_options.hpp
[0.536s] -- Up-to-date: /home/sauron/ros2-picas/install/rclcpp/include/rclcpp/rclcpp/node_interfaces
[0.536s] -- Up-to-date: /home/sauron/ros2-picas/install/rclcpp/include/rclcpp/rclcpp/node_interfaces/node_logging.hpp
[0.536s] -- Up-to-date: /home/sauron/ros2-picas/install/rclcpp/include/rclcpp/rclcpp/node_interfaces/node_services_interface.hpp
[0.536s] -- Up-to-date: /home/sauron/ros2-picas/install/rclcpp/include/rclcpp/rclcpp/node_interfaces/node_time_source.hpp
[0.536s] -- Up-to-date: /home/sauron/ros2-picas/install/rclcpp/include/rclcpp/rclcpp/node_interfaces/node_topics.hpp
[0.536s] -- Up-to-date: /home/sauron/ros2-picas/install/rclcpp/include/rclcpp/rclcpp/node_interfaces/node_logging_interface.hpp
[0.536s] -- Up-to-date: /home/sauron/ros2-picas/install/rclcpp/include/rclcpp/rclcpp/node_interfaces/node_graph_interface.hpp
[0.536s] -- Up-to-date: /home/sauron/ros2-picas/install/rclcpp/include/rclcpp/rclcpp/node_interfaces/node_time_source_interface.hpp
[0.536s] -- Up-to-date: /home/sauron/ros2-picas/install/rclcpp/include/rclcpp/rclcpp/node_interfaces/node_timers.hpp
[0.536s] -- Up-to-date: /home/sauron/ros2-picas/install/rclcpp/include/rclcpp/rclcpp/node_interfaces/node_parameters.hpp
[0.536s] -- Up-to-date: /home/sauron/ros2-picas/install/rclcpp/include/rclcpp/rclcpp/node_interfaces/node_base_interface.hpp
[0.536s] -- Up-to-date: /home/sauron/ros2-picas/install/rclcpp/include/rclcpp/rclcpp/node_interfaces/node_clock_interface.hpp
[0.536s] -- Up-to-date: /home/sauron/ros2-picas/install/rclcpp/include/rclcpp/rclcpp/node_interfaces/node_base.hpp
[0.536s] -- Up-to-date: /home/sauron/ros2-picas/install/rclcpp/include/rclcpp/rclcpp/node_interfaces/node_clock.hpp
[0.536s] -- Up-to-date: /home/sauron/ros2-picas/install/rclcpp/include/rclcpp/rclcpp/node_interfaces/node_parameters_interface.hpp
[0.536s] -- Up-to-date: /home/sauron/ros2-picas/install/rclcpp/include/rclcpp/rclcpp/node_interfaces/node_topics_interface.hpp
[0.536s] -- Up-to-date: /home/sauron/ros2-picas/install/rclcpp/include/rclcpp/rclcpp/node_interfaces/node_waitables_interface.hpp
[0.536s] -- Up-to-date: /home/sauron/ros2-picas/install/rclcpp/include/rclcpp/rclcpp/node_interfaces/node_timers_interface.hpp
[0.536s] -- Up-to-date: /home/sauron/ros2-picas/install/rclcpp/include/rclcpp/rclcpp/node_interfaces/node_waitables.hpp
[0.536s] -- Up-to-date: /home/sauron/ros2-picas/install/rclcpp/include/rclcpp/rclcpp/node_interfaces/node_graph.hpp
[0.536s] -- Up-to-date: /home/sauron/ros2-picas/install/rclcpp/include/rclcpp/rclcpp/node_interfaces/node_services.hpp
[0.536s] -- Up-to-date: /home/sauron/ros2-picas/install/rclcpp/include/rclcpp/rclcpp/strategies
[0.536s] -- Up-to-date: /home/sauron/ros2-picas/install/rclcpp/include/rclcpp/rclcpp/strategies/allocator_memory_strategy.hpp
[0.536s] -- Up-to-date: /home/sauron/ros2-picas/install/rclcpp/include/rclcpp/rclcpp/strategies/message_pool_memory_strategy.hpp
[0.536s] -- Up-to-date: /home/sauron/ros2-picas/install/rclcpp/include/rclcpp/rclcpp/create_subscription.hpp
[0.536s] -- Up-to-date: /home/sauron/ros2-picas/install/rclcpp/include/rclcpp/rclcpp/visibility_control.hpp
[0.536s] -- Up-to-date: /home/sauron/ros2-picas/install/rclcpp/include/rclcpp/rclcpp/node_options.hpp
[0.536s] -- Up-to-date: /home/sauron/ros2-picas/install/rclcpp/include/rclcpp/rclcpp/publisher_base.hpp
[0.536s] -- Up-to-date: /home/sauron/ros2-picas/install/rclcpp/include/rclcpp/rclcpp/create_publisher.hpp
[0.536s] -- Up-to-date: /home/sauron/ros2-picas/install/rclcpp/include/rclcpp/rclcpp/subscription_traits.hpp
[0.536s] -- Up-to-date: /home/sauron/ros2-picas/install/rclcpp/include/rclcpp/rclcpp/topic_statistics_state.hpp
[0.536s] -- Up-to-date: /home/sauron/ros2-picas/install/rclcpp/include/rclcpp/rclcpp/parameter_service.hpp
[0.536s] -- Up-to-date: /home/sauron/ros2-picas/install/rclcpp/include/rclcpp/rclcpp/contexts
[0.536s] -- Up-to-date: /home/sauron/ros2-picas/install/rclcpp/include/rclcpp/rclcpp/contexts/default_context.hpp
[0.536s] -- Up-to-date: /home/sauron/ros2-picas/install/rclcpp/include/rclcpp/rclcpp/exceptions
[0.536s] -- Up-to-date: /home/sauron/ros2-picas/install/rclcpp/include/rclcpp/rclcpp/exceptions/exceptions.hpp
[0.536s] -- Up-to-date: /home/sauron/ros2-picas/install/rclcpp/include/rclcpp/rclcpp/create_service.hpp
[0.536s] -- Up-to-date: /home/sauron/ros2-picas/install/rclcpp/include/rclcpp/rclcpp/generic_publisher.hpp
[0.537s] -- Up-to-date: /home/sauron/ros2-picas/install/rclcpp/include/rclcpp/rclcpp/function_traits.hpp
[0.537s] -- Up-to-date: /home/sauron/ros2-picas/install/rclcpp/include/rclcpp/rclcpp/parameter_map.hpp
[0.537s] -- Up-to-date: /home/sauron/ros2-picas/install/rclcpp/include/rclcpp/rclcpp/type_adapter.hpp
[0.537s] -- Up-to-date: /home/sauron/ros2-picas/install/rclcpp/include/rclcpp/rclcpp/is_ros_compatible_type.hpp
[0.537s] -- Up-to-date: /home/sauron/ros2-picas/install/rclcpp/include/rclcpp/rclcpp/any_subscription_callback.hpp
[0.537s] -- Up-to-date: /home/sauron/ros2-picas/install/rclcpp/include/rclcpp/rclcpp/service.hpp
[0.537s] -- Up-to-date: /home/sauron/ros2-picas/install/rclcpp/include/rclcpp/rclcpp/parameter_value.hpp
[0.537s] -- Up-to-date: /home/sauron/ros2-picas/install/rclcpp/include/rclcpp/rclcpp/waitable.hpp
[0.537s] -- Up-to-date: /home/sauron/ros2-picas/install/rclcpp/include/rclcpp/rclcpp/experimental
[0.537s] -- Up-to-date: /home/sauron/ros2-picas/install/rclcpp/include/rclcpp/rclcpp/experimental/README.md
[0.537s] -- Up-to-date: /home/sauron/ros2-picas/install/rclcpp/include/rclcpp/rclcpp/experimental/subscription_intra_process.hpp
[0.537s] -- Up-to-date: /home/sauron/ros2-picas/install/rclcpp/include/rclcpp/rclcpp/experimental/intra_process_manager.hpp
[0.537s] -- Up-to-date: /home/sauron/ros2-picas/install/rclcpp/include/rclcpp/rclcpp/experimental/create_intra_process_buffer.hpp
[0.537s] -- Up-to-date: /home/sauron/ros2-picas/install/rclcpp/include/rclcpp/rclcpp/experimental/buffers
[0.537s] -- Up-to-date: /home/sauron/ros2-picas/install/rclcpp/include/rclcpp/rclcpp/experimental/buffers/buffer_implementation_base.hpp
[0.537s] -- Up-to-date: /home/sauron/ros2-picas/install/rclcpp/include/rclcpp/rclcpp/experimental/buffers/intra_process_buffer.hpp
[0.537s] -- Up-to-date: /home/sauron/ros2-picas/install/rclcpp/include/rclcpp/rclcpp/experimental/buffers/ring_buffer_implementation.hpp
[0.537s] -- Up-to-date: /home/sauron/ros2-picas/install/rclcpp/include/rclcpp/rclcpp/experimental/executable_list.hpp
[0.537s] -- Up-to-date: /home/sauron/ros2-picas/install/rclcpp/include/rclcpp/rclcpp/experimental/subscription_intra_process_buffer.hpp
[0.537s] -- Up-to-date: /home/sauron/ros2-picas/install/rclcpp/include/rclcpp/rclcpp/experimental/subscription_intra_process_base.hpp
[0.537s] -- Up-to-date: /home/sauron/ros2-picas/install/rclcpp/include/rclcpp/rclcpp/experimental/ros_message_intra_process_buffer.hpp
[0.537s] -- Up-to-date: /home/sauron/ros2-picas/install/rclcpp/include/rclcpp/rclcpp/client.hpp
[0.537s] -- Up-to-date: /home/sauron/ros2-picas/install/rclcpp/include/rclcpp/rclcpp/subscription_content_filter_options.hpp
[0.537s] -- Up-to-date: /home/sauron/ros2-picas/install/rclcpp/include/rclcpp/rclcpp/rate.hpp
[0.537s] -- Up-to-date: /home/sauron/ros2-picas/install/rclcpp/include/rclcpp/rclcpp/serialized_message.hpp
[0.537s] -- Up-to-date: /home/sauron/ros2-picas/install/rclcpp/include/rclcpp/rclcpp/wait_for_message.hpp
[0.537s] -- Up-to-date: /home/sauron/ros2-picas/install/rclcpp/include/rclcpp
[0.537s] -- Up-to-date: /home/sauron/ros2-picas/install/rclcpp/include/rclcpp/rclcpp
[0.537s] -- Up-to-date: /home/sauron/ros2-picas/install/rclcpp/include/rclcpp/rclcpp/logging.hpp
[0.537s] -- Up-to-date: /home/sauron/ros2-picas/install/rclcpp/include/rclcpp/rclcpp/node_interfaces
[0.537s] -- Up-to-date: /home/sauron/ros2-picas/install/rclcpp/include/rclcpp/rclcpp/node_interfaces/node_waitables_interface_traits.hpp
[0.537s] -- Up-to-date: /home/sauron/ros2-picas/install/rclcpp/include/rclcpp/rclcpp/node_interfaces/get_node_waitables_interface.hpp
[0.537s] -- Up-to-date: /home/sauron/ros2-picas/install/rclcpp/include/rclcpp/rclcpp/node_interfaces/node_clock_interface_traits.hpp
[0.537s] -- Up-to-date: /home/sauron/ros2-picas/install/rclcpp/include/rclcpp/rclcpp/node_interfaces/node_timers_interface_traits.hpp
[0.537s] -- Up-to-date: /home/sauron/ros2-picas/install/rclcpp/include/rclcpp/rclcpp/node_interfaces/get_node_topics_interface.hpp
[0.537s] -- Up-to-date: /home/sauron/ros2-picas/install/rclcpp/include/rclcpp/rclcpp/node_interfaces/get_node_graph_interface.hpp
[0.537s] -- Up-to-date: /home/sauron/ros2-picas/install/rclcpp/include/rclcpp/rclcpp/node_interfaces/node_graph_interface_traits.hpp
[0.537s] -- Up-to-date: /home/sauron/ros2-picas/install/rclcpp/include/rclcpp/rclcpp/node_interfaces/node_parameters_interface_traits.hpp
[0.537s] -- Up-to-date: /home/sauron/ros2-picas/install/rclcpp/include/rclcpp/rclcpp/node_interfaces/node_time_source_interface_traits.hpp
[0.537s] -- Up-to-date: /home/sauron/ros2-picas/install/rclcpp/include/rclcpp/rclcpp/node_interfaces/get_node_parameters_interface.hpp
[0.538s] -- Up-to-date: /home/sauron/ros2-picas/install/rclcpp/include/rclcpp/rclcpp/node_interfaces/get_node_logging_interface.hpp
[0.538s] -- Up-to-date: /home/sauron/ros2-picas/install/rclcpp/include/rclcpp/rclcpp/node_interfaces/get_node_clock_interface.hpp
[0.538s] -- Up-to-date: /home/sauron/ros2-picas/install/rclcpp/include/rclcpp/rclcpp/node_interfaces/get_node_timers_interface.hpp
[0.538s] -- Up-to-date: /home/sauron/ros2-picas/install/rclcpp/include/rclcpp/rclcpp/node_interfaces/get_node_time_source_interface.hpp
[0.538s] -- Up-to-date: /home/sauron/ros2-picas/install/rclcpp/include/rclcpp/rclcpp/node_interfaces/node_logging_interface_traits.hpp
[0.538s] -- Up-to-date: /home/sauron/ros2-picas/install/rclcpp/include/rclcpp/rclcpp/node_interfaces/get_node_services_interface.hpp
[0.538s] -- Up-to-date: /home/sauron/ros2-picas/install/rclcpp/include/rclcpp/rclcpp/node_interfaces/get_node_base_interface.hpp
[0.538s] -- Up-to-date: /home/sauron/ros2-picas/install/rclcpp/include/rclcpp/rclcpp/node_interfaces/node_base_interface_traits.hpp
[0.538s] -- Up-to-date: /home/sauron/ros2-picas/install/rclcpp/include/rclcpp/rclcpp/node_interfaces/node_services_interface_traits.hpp
[0.538s] -- Up-to-date: /home/sauron/ros2-picas/install/rclcpp/include/rclcpp/rclcpp/node_interfaces/node_topics_interface_traits.hpp
[0.538s] -- Up-to-date: /home/sauron/ros2-picas/install/rclcpp/include/rclcpp/rclcpp/version.h
[0.538s] Invoked command in '/home/sauron/ros2-picas/build/rclcpp' returned '0': CMAKE_PREFIX_PATH=${CMAKE_PREFIX_PATH}:/home/sauron/ros2_humble/install/rqt_bag_plugins:/home/sauron/ros2_humble/install/rqt_bag:/home/sauron/ros2_humble/install/ros2bag:/home/sauron/ros2_humble/install/tracetools_test:/home/sauron/ros2_humble/install/tracetools_launch:/home/sauron/ros2_humble/install/topic_monitor:/home/sauron/ros2_humble/install/tf2_tools:/home/sauron/ros2_humble/install/examples_tf2_py:/home/sauron/ros2_humble/install/tf2_ros_py:/home/sauron/ros2_humble/install/sros2:/home/sauron/ros2_humble/install/rqt_topic:/home/sauron/ros2_humble/install/rqt_srv:/home/sauron/ros2_humble/install/rqt_shell:/home/sauron/ros2_humble/install/rqt_service_caller:/home/sauron/ros2_humble/install/rqt_reconfigure:/home/sauron/ros2_humble/install/rqt_py_console:/home/sauron/ros2_humble/install/rqt_publisher:/home/sauron/ros2_humble/install/rqt_plot:/home/sauron/ros2_humble/install/rqt_action:/home/sauron/ros2_humble/install/rqt_msg:/home/sauron/ros2_humble/install/rqt_console:/home/sauron/ros2_humble/install/rqt:/home/sauron/ros2_humble/install/rqt_graph:/home/sauron/ros2_humble/install/rqt_gui_py:/home/sauron/ros2_humble/install/rqt_gui:/home/sauron/ros2_humble/install/ros2trace:/home/sauron/ros2_humble/install/ros2topic:/home/sauron/ros2_humble/install/ros2test:/home/sauron/ros2_humble/install/ros2component:/home/sauron/ros2_humble/install/ros2param:/home/sauron/ros2_humble/install/ros2lifecycle:/home/sauron/ros2_humble/install/ros2service:/home/sauron/ros2_humble/install/ros2run:/home/sauron/ros2_humble/install/ros2launch:/home/sauron/ros2_humble/install/ros2pkg:/home/sauron/ros2_humble/install/ros2node:/home/sauron/ros2_humble/install/ros2multicast:/home/sauron/ros2_humble/install/ros2interface:/home/sauron/ros2_humble/install/ros2doctor:/home/sauron/ros2_humble/install/ros2action:/home/sauron/ros2_humble/install/ros2cli:/home/sauron/ros2_humble/install/quality_of_service_demo_py:/home/sauron/ros2_humble/install/lifecycle_py:/home/sauron/ros2_humble/install/launch_testing_ros:/home/sauron/ros2_humble/install/launch_ros:/home/sauron/ros2_humble/install/examples_rclpy_pointcloud_publisher:/home/sauron/ros2_humble/install/examples_rclpy_minimal_subscriber:/home/sauron/ros2_humble/install/examples_rclpy_minimal_service:/home/sauron/ros2_humble/install/examples_rclpy_minimal_publisher:/home/sauron/ros2_humble/install/examples_rclpy_minimal_client:/home/sauron/ros2_humble/install/examples_rclpy_minimal_action_server:/home/sauron/ros2_humble/install/examples_rclpy_minimal_action_client:/home/sauron/ros2_humble/install/examples_rclpy_guard_conditions:/home/sauron/ros2_humble/install/examples_rclpy_executors:/home/sauron/ros2_humble/install/demo_nodes_py:/home/sauron/ros2_humble/install/action_tutorials_py:/home/sauron/ros2_humble/install/ament_uncrustify:/home/sauron/ros2_humble/install/tracetools_trace:/home/sauron/ros2_humble/install/tracetools_read:/home/sauron/ros2_humble/install/test_tracetools_launch:/home/sauron/ros2_humble/install/test_launch_ros:/home/sauron/ros2_humble/install/sensor_msgs_py:/home/sauron/ros2_humble/install/rpyutils:/home/sauron/ros2_humble/install/rosidl_runtime_py:/home/sauron/ros2_humble/install/rosidl_cli:/home/sauron/ros2_humble/install/launch_pytest:/home/sauron/ros2_humble/install/launch_testing:/home/sauron/ros2_humble/install/launch_yaml:/home/sauron/ros2_humble/install/launch_xml:/home/sauron/ros2_humble/install/launch:/home/sauron/ros2_humble/install/osrf_pycommon:/home/sauron/ros2_humble/install/launch_testing_examples:/home/sauron/ros2_humble/install/domain_coordinator:/home/sauron/ros2_humble/install/ament_xmllint:/home/sauron/ros2_humble/install/ament_pyflakes:/home/sauron/ros2_humble/install/ament_pycodestyle:/home/sauron/ros2_humble/install/ament_pep257:/home/sauron/ros2_humble/install/ament_pclint:/home/sauron/ros2_humble/install/ament_package:/home/sauron/ros2_humble/install/ament_mypy:/home/sauron/ros2_humble/install/ament_lint_cmake:/home/sauron/ros2_humble/install/ament_flake8:/home/sauron/ros2_humble/install/ament_copyright:/home/sauron/ros2_humble/install/ament_lint:/home/sauron/ros2_humble/install/ament_index_python:/home/sauron/ros2_humble/install/ament_cpplint:/home/sauron/ros2_humble/install/ament_cppcheck:/home/sauron/ros2_humble/install/ament_clang_tidy:/home/sauron/ros2_humble/install/ament_clang_format /usr/bin/cmake --install /home/sauron/ros2-picas/build/rclcpp
