-- The C compiler identification is GNU 11.3.0
-- The CXX compiler identification is GNU 11.3.0
-- Detecting C compiler ABI info
-- Detecting C compiler ABI info - done
-- Check for working C compiler: /usr/bin/cc - skipped
-- Detecting C compile features
-- Detecting C compile features - done
-- Detecting CXX compiler ABI info
-- Detecting CXX compiler ABI info - done
-- Check for working CXX compiler: /usr/bin/c++ - skipped
-- Detecting CXX compile features
-- Detecting CXX compile features - done
-- Found ament_cmake: 1.3.3 (/home/sauron/ros2_humble/install/ament_cmake/share/ament_cmake/cmake)
-- Found Python3: /usr/bin/python3.10 (found version "3.10.6") found components: Interpreter 
-- Found rclcpp: 16.0.3 (/home/sauron/ros2-picas/install/rclcpp/share/rclcpp/cmake)
-- Found rosidl_generator_c: 3.1.4 (/home/sauron/ros2_humble/install/rosidl_generator_c/share/rosidl_generator_c/cmake)
-- Found rosidl_adapter: 3.1.4 (/home/sauron/ros2_humble/install/rosidl_adapter/share/rosidl_adapter/cmake)
-- Found rosidl_generator_cpp: 3.1.4 (/home/sauron/ros2_humble/install/rosidl_generator_cpp/share/rosidl_generator_cpp/cmake)
-- Using all available rosidl_typesupport_c: rosidl_typesupport_introspection_c;rosidl_typesupport_fastrtps_c
-- Using all available rosidl_typesupport_cpp: rosidl_typesupport_introspection_cpp;rosidl_typesupport_fastrtps_cpp
-- Found rmw_implementation_cmake: 6.1.1 (/home/sauron/ros2_humble/install/rmw_implementation_cmake/share/rmw_implementation_cmake/cmake)
-- Found rmw_fastrtps_cpp: 6.2.2 (/home/sauron/ros2_humble/install/rmw_fastrtps_cpp/share/rmw_fastrtps_cpp/cmake)
-- Found OpenSSL: /usr/lib/x86_64-linux-gnu/libcrypto.so (found version "3.0.2")  
-- Found FastRTPS: /home/sauron/ros2_humble/install/fastrtps/include  
-- Using RMW implementation 'rmw_fastrtps_cpp' as default
-- Looking for pthread.h
-- Looking for pthread.h - found
-- Performing Test CMAKE_HAVE_LIBC_PTHREAD
-- Performing Test CMAKE_HAVE_LIBC_PTHREAD - Success
-- Found Threads: TRUE  
-- Found ament_lint_auto: 0.12.5 (/home/sauron/ros2_humble/install/ament_lint_auto/share/ament_lint_auto/cmake)
-- Added test 'copyright' to check source files copyright and LICENSE
-- Added test 'cppcheck' to perform static code analysis on C / C++ code
-- Configured cppcheck include dirs: /home/sauron/ros2-picas/ros2-picas-example/trace_picas/include
-- Configured cppcheck exclude dirs and/or files: 
-- Added test 'cpplint' to check C / C++ code against the Google style
-- Configured cpplint exclude dirs and/or files: 
-- Added test 'lint_cmake' to check CMake code style
-- Added test 'uncrustify' to check C / C++ code style
-- Configured uncrustify additional arguments: 
-- Added test 'xmllint' to check XML markup files
-- Configuring done
-- Generating done
-- Build files have been written to: /home/sauron/ros2-picas/build/trace_picas
[ 50%] [32mBuilding CXX object CMakeFiles/trace_picas.dir/src/trace_function.cpp.o[0m
[100%] [32m[1mLinking CXX static library libtrace_picas.a[0m
[100%] Built target trace_picas
-- Install configuration: ""
-- Installing: /home/sauron/ros2-picas/install/trace_picas/share/trace_picas/environment/library_path.sh
-- Installing: /home/sauron/ros2-picas/install/trace_picas/share/trace_picas/environment/library_path.dsv
-- Installing: /home/sauron/ros2-picas/install/trace_picas/include/trace_picas/
-- Installing: /home/sauron/ros2-picas/install/trace_picas/include/trace_picas//trace.hpp
-- Installing: /home/sauron/ros2-picas/install/trace_picas/lib/libtrace_picas.a
-- Installing: /home/sauron/ros2-picas/install/trace_picas/share/ament_index/resource_index/package_run_dependencies/trace_picas
-- Installing: /home/sauron/ros2-picas/install/trace_picas/share/ament_index/resource_index/parent_prefix_path/trace_picas
-- Installing: /home/sauron/ros2-picas/install/trace_picas/share/trace_picas/environment/ament_prefix_path.sh
-- Installing: /home/sauron/ros2-picas/install/trace_picas/share/trace_picas/environment/ament_prefix_path.dsv
-- Installing: /home/sauron/ros2-picas/install/trace_picas/share/trace_picas/environment/path.sh
-- Installing: /home/sauron/ros2-picas/install/trace_picas/share/trace_picas/environment/path.dsv
-- Installing: /home/sauron/ros2-picas/install/trace_picas/share/trace_picas/local_setup.bash
-- Installing: /home/sauron/ros2-picas/install/trace_picas/share/trace_picas/local_setup.sh
-- Installing: /home/sauron/ros2-picas/install/trace_picas/share/trace_picas/local_setup.zsh
-- Installing: /home/sauron/ros2-picas/install/trace_picas/share/trace_picas/local_setup.dsv
-- Installing: /home/sauron/ros2-picas/install/trace_picas/share/trace_picas/package.dsv
-- Installing: /home/sauron/ros2-picas/install/trace_picas/share/ament_index/resource_index/packages/trace_picas
-- Installing: /home/sauron/ros2-picas/install/trace_picas/share/trace_picas/cmake/export_traceExport.cmake
-- Installing: /home/sauron/ros2-picas/install/trace_picas/share/trace_picas/cmake/export_traceExport-noconfig.cmake
-- Installing: /home/sauron/ros2-picas/install/trace_picas/share/trace_picas/cmake/ament_cmake_export_dependencies-extras.cmake
-- Installing: /home/sauron/ros2-picas/install/trace_picas/share/trace_picas/cmake/ament_cmake_export_targets-extras.cmake
-- Installing: /home/sauron/ros2-picas/install/trace_picas/share/trace_picas/cmake/ament_cmake_export_include_directories-extras.cmake
-- Installing: /home/sauron/ros2-picas/install/trace_picas/share/trace_picas/cmake/ament_cmake_export_libraries-extras.cmake
-- Installing: /home/sauron/ros2-picas/install/trace_picas/share/trace_picas/cmake/trace_picasConfig.cmake
-- Installing: /home/sauron/ros2-picas/install/trace_picas/share/trace_picas/cmake/trace_picasConfig-version.cmake
-- Installing: /home/sauron/ros2-picas/install/trace_picas/share/trace_picas/package.xml
