-- Found ament_cmake: 1.3.3 (/home/sauron/ros2_humble/install/ament_cmake/share/ament_cmake/cmake)
-- Found rclcpp: 16.0.3 (/home/sauron/ros2-picas/install/rclcpp/share/rclcpp/cmake)
-- Found rosidl_generator_c: 3.1.4 (/home/sauron/ros2_humble/install/rosidl_generator_c/share/rosidl_generator_c/cmake)
-- Found rosidl_adapter: 3.1.4 (/home/sauron/ros2_humble/install/rosidl_adapter/share/rosidl_adapter/cmake)
-- Found rosidl_generator_cpp: 3.1.4 (/home/sauron/ros2_humble/install/rosidl_generator_cpp/share/rosidl_generator_cpp/cmake)
-- Using all available rosidl_typesupport_c: rosidl_typesupport_introspection_c;rosidl_typesupport_fastrtps_c
-- Using all available rosidl_typesupport_cpp: rosidl_typesupport_introspection_cpp;rosidl_typesupport_fastrtps_cpp
-- Found rmw_implementation_cmake: 6.1.1 (/home/sauron/ros2_humble/install/rmw_implementation_cmake/share/rmw_implementation_cmake/cmake)
-- Found rmw_fastrtps_cpp: 6.2.2 (/home/sauron/ros2_humble/install/rmw_fastrtps_cpp/share/rmw_fastrtps_cpp/cmake)
-- Using RMW implementation 'rmw_fastrtps_cpp' as default
-- Configuring incomplete, errors occurred!
See also "/home/sauron/ros2-picas/build/picas_example_mt/CMakeFiles/CMakeOutput.log".
[31mCMake Error at CMakeLists.txt:20 (find_package):
  By not providing "Findpicas_msgs.cmake" in CMAKE_MODULE_PATH this project
  has asked CMake to find a package configuration file provided by
  "picas_msgs", but CMake did not find one.

  Could not find a package configuration file provided by "picas_msgs" with
  any of the following names:

    picas_msgsConfig.cmake
    picas_msgs-config.cmake

  Add the installation prefix of "picas_msgs" to CMAKE_PREFIX_PATH or set
  "picas_msgs_DIR" to a directory containing one of the above files.  If
  "picas_msgs" provides a separate development package or SDK, be sure it has
  been installed.

[0m
gmake: *** [Makefile:267: cmake_check_build_system] Error 1
