[35m[1mConsolidate compiler generated dependencies of target case_study[0m
[ 50%] Built target example
[ 75%] [32mBuilding CXX object CMakeFiles/case_study.dir/src/case_study.cpp.o[0m
[100%] [32m[1mLinking CXX executable case_study[0m
[100%] Built target case_study
-- Install configuration: ""
-- Installing: /home/sauron/ros2-picas/install/picas_example/lib/picas_example/example
-- Set runtime path of "/home/sauron/ros2-picas/install/picas_example/lib/picas_example/example" to ""
-- Installing: /home/sauron/ros2-picas/install/picas_example/lib/picas_example/case_study
-- Set runtime path of "/home/sauron/ros2-picas/install/picas_example/lib/picas_example/case_study" to ""
-- Installing: /home/sauron/ros2-picas/install/picas_example/share/ament_index/resource_index/package_run_dependencies/picas_example
-- Installing: /home/sauron/ros2-picas/install/picas_example/share/ament_index/resource_index/parent_prefix_path/picas_example
-- Installing: /home/sauron/ros2-picas/install/picas_example/share/picas_example/environment/ament_prefix_path.sh
-- Installing: /home/sauron/ros2-picas/install/picas_example/share/picas_example/environment/ament_prefix_path.dsv
-- Installing: /home/sauron/ros2-picas/install/picas_example/share/picas_example/environment/path.sh
-- Installing: /home/sauron/ros2-picas/install/picas_example/share/picas_example/environment/path.dsv
-- Installing: /home/sauron/ros2-picas/install/picas_example/share/picas_example/local_setup.bash
-- Installing: /home/sauron/ros2-picas/install/picas_example/share/picas_example/local_setup.sh
-- Installing: /home/sauron/ros2-picas/install/picas_example/share/picas_example/local_setup.zsh
-- Installing: /home/sauron/ros2-picas/install/picas_example/share/picas_example/local_setup.dsv
-- Installing: /home/sauron/ros2-picas/install/picas_example/share/picas_example/package.dsv
-- Installing: /home/sauron/ros2-picas/install/picas_example/share/ament_index/resource_index/packages/picas_example
-- Installing: /home/sauron/ros2-picas/install/picas_example/share/picas_example/cmake/picas_exampleConfig.cmake
-- Installing: /home/sauron/ros2-picas/install/picas_example/share/picas_example/cmake/picas_exampleConfig-version.cmake
-- Installing: /home/sauron/ros2-picas/install/picas_example/share/picas_example/package.xml
