[35m[1mConsolidate compiler generated dependencies of target example_mt[0m
[100%] Built target example_mt
-- Install configuration: ""
-- Installing: /home/sauron/ros2-picas/install/picas_example_mt/lib/picas_example_mt/example_mt
-- Set runtime path of "/home/sauron/ros2-picas/install/picas_example_mt/lib/picas_example_mt/example_mt" to ""
-- Installing: /home/sauron/ros2-picas/install/picas_example_mt/share/ament_index/resource_index/package_run_dependencies/picas_example_mt
-- Installing: /home/sauron/ros2-picas/install/picas_example_mt/share/ament_index/resource_index/parent_prefix_path/picas_example_mt
-- Installing: /home/sauron/ros2-picas/install/picas_example_mt/share/picas_example_mt/environment/ament_prefix_path.sh
-- Installing: /home/sauron/ros2-picas/install/picas_example_mt/share/picas_example_mt/environment/ament_prefix_path.dsv
-- Installing: /home/sauron/ros2-picas/install/picas_example_mt/share/picas_example_mt/environment/path.sh
-- Installing: /home/sauron/ros2-picas/install/picas_example_mt/share/picas_example_mt/environment/path.dsv
-- Installing: /home/sauron/ros2-picas/install/picas_example_mt/share/picas_example_mt/local_setup.bash
-- Installing: /home/sauron/ros2-picas/install/picas_example_mt/share/picas_example_mt/local_setup.sh
-- Installing: /home/sauron/ros2-picas/install/picas_example_mt/share/picas_example_mt/local_setup.zsh
-- Installing: /home/sauron/ros2-picas/install/picas_example_mt/share/picas_example_mt/local_setup.dsv
-- Installing: /home/sauron/ros2-picas/install/picas_example_mt/share/picas_example_mt/package.dsv
-- Installing: /home/sauron/ros2-picas/install/picas_example_mt/share/ament_index/resource_index/packages/picas_example_mt
-- Installing: /home/sauron/ros2-picas/install/picas_example_mt/share/picas_example_mt/cmake/picas_example_mtConfig.cmake
-- Installing: /home/sauron/ros2-picas/install/picas_example_mt/share/picas_example_mt/cmake/picas_example_mtConfig-version.cmake
-- Installing: /home/sauron/ros2-picas/install/picas_example_mt/share/picas_example_mt/package.xml
