-- The C compiler identification is GNU 11.3.0
-- The CXX compiler identification is GNU 11.3.0
-- Detecting C compiler ABI info
-- Detecting C compiler ABI info - done
-- Check for working C compiler: /usr/bin/cc - skipped
-- Detecting C compile features
-- Detecting C compile features - done
-- Detecting CXX compiler ABI info
-- Detecting CXX compiler ABI info - done
-- Check for working CXX compiler: /usr/bin/c++ - skipped
-- Detecting CXX compile features
-- Detecting CXX compile features - done
-- Found ament_cmake: 1.3.3 (/home/sauron/ros2_humble/install/ament_cmake/share/ament_cmake/cmake)
-- Found Python3: /usr/bin/python3.10 (found version "3.10.6") found components: Interpreter 
-- Found builtin_interfaces: 1.2.1 (/home/sauron/ros2_humble/install/builtin_interfaces/share/builtin_interfaces/cmake)
-- Found rosidl_generator_c: 3.1.4 (/home/sauron/ros2_humble/install/rosidl_generator_c/share/rosidl_generator_c/cmake)
-- Found rosidl_adapter: 3.1.4 (/home/sauron/ros2_humble/install/rosidl_adapter/share/rosidl_adapter/cmake)
-- Found rosidl_generator_cpp: 3.1.4 (/home/sauron/ros2_humble/install/rosidl_generator_cpp/share/rosidl_generator_cpp/cmake)
-- Using all available rosidl_typesupport_c: rosidl_typesupport_introspection_c;rosidl_typesupport_fastrtps_c
-- Using all available rosidl_typesupport_cpp: rosidl_typesupport_introspection_cpp;rosidl_typesupport_fastrtps_cpp
-- Found rosidl_default_generators: 1.2.0 (/home/sauron/ros2_humble/install/rosidl_default_generators/share/rosidl_default_generators/cmake)
-- Found ament_cmake_cppcheck: 0.12.5 (/home/sauron/ros2_humble/install/ament_cmake_cppcheck/share/ament_cmake_cppcheck/cmake)
-- Found ament_cmake_cpplint: 0.12.5 (/home/sauron/ros2_humble/install/ament_cmake_cpplint/share/ament_cmake_cpplint/cmake)
-- Found ament_cmake_uncrustify: 0.12.5 (/home/sauron/ros2_humble/install/ament_cmake_uncrustify/share/ament_cmake_uncrustify/cmake)
-- Found ament_cmake_ros: 0.10.0 (/home/sauron/ros2_humble/install/ament_cmake_ros/share/ament_cmake_ros/cmake)
-- Using all available rosidl_typesupport_c: rosidl_typesupport_introspection_c;rosidl_typesupport_fastrtps_c
-- Using all available rosidl_typesupport_cpp: rosidl_typesupport_introspection_cpp;rosidl_typesupport_fastrtps_cpp
-- Found PythonInterp: /usr/bin/python3 (found suitable version "3.10.6", minimum required is "3.6") 
-- Found python_cmake_module: 0.10.0 (/home/sauron/ros2_humble/install/python_cmake_module/share/python_cmake_module/cmake)
-- Found PythonLibs: /usr/lib/x86_64-linux-gnu/libpython3.10.so (found suitable version "3.10.6", minimum required is "3.5") 
-- Using PYTHON_EXECUTABLE: /usr/bin/python3
-- Using PYTHON_INCLUDE_DIRS: /usr/include/python3.10
-- Using PYTHON_LIBRARIES: /usr/lib/x86_64-linux-gnu/libpython3.10.so
-- Found PythonExtra: .so  
-- Found ament_cmake_flake8: 0.12.5 (/home/sauron/ros2_humble/install/ament_cmake_flake8/share/ament_cmake_flake8/cmake)
-- Found ament_cmake_pep257: 0.12.5 (/home/sauron/ros2_humble/install/ament_cmake_pep257/share/ament_cmake_pep257/cmake)
-- Configuring done
-- Generating done
[33mCMake Warning:
  Manually-specified variables were not used by the project:

    PICAS

[0m
-- Build files have been written to: /home/sauron/ros2-picas/build/picas_msgs
[  2%] [34m[1mGenerating C code for ROS interfaces[0m
[  5%] [34m[1mGenerating C++ code for ROS interfaces[0m
[  5%] Built target ament_cmake_python_copy_picas_msgs
[ 10%] [32mBuilding C object CMakeFiles/picas_msgs__rosidl_generator_c.dir/rosidl_generator_c/picas_msgs/msg/detail/u_time__functions.c.o[0m
[ 10%] [32mBuilding C object CMakeFiles/picas_msgs__rosidl_generator_c.dir/rosidl_generator_c/picas_msgs/msg/detail/test_string__functions.c.o[0m
[ 10%] Built target picas_msgs__cpp
[ 15%] [34m[1mGenerating C++ type support dispatch for ROS interfaces[0m
[ 15%] [34m[1mGenerating C++ type support for eProsima Fast-RTPS[0m
[ 17%] [34m[1mGenerating C++ introspection for ROS interfaces[0m
[ 20%] [32m[1mLinking C shared library libpicas_msgs__rosidl_generator_c.so[0m
[ 20%] Built target picas_msgs__rosidl_generator_c
[ 23%] [34m[1mGenerating C introspection for ROS interfaces[0m
[ 28%] [34m[1mGenerating C type support dispatch for ROS interfaces[0m
[ 28%] [34m[1mGenerating C type support for eProsima Fast-RTPS[0m
running egg_info
creating picas_msgs.egg-info
writing picas_msgs.egg-info/PKG-INFO
writing dependency_links to picas_msgs.egg-info/dependency_links.txt
writing top-level names to picas_msgs.egg-info/top_level.txt
writing manifest file 'picas_msgs.egg-info/SOURCES.txt'
reading manifest file 'picas_msgs.egg-info/SOURCES.txt'
writing manifest file 'picas_msgs.egg-info/SOURCES.txt'
[ 28%] Built target ament_cmake_python_build_picas_msgs_egg
[ 33%] [32mBuilding CXX object CMakeFiles/picas_msgs__rosidl_typesupport_cpp.dir/rosidl_typesupport_cpp/picas_msgs/msg/u_time__type_support.cpp.o[0m
[ 33%] [32mBuilding CXX object CMakeFiles/picas_msgs__rosidl_typesupport_cpp.dir/rosidl_typesupport_cpp/picas_msgs/msg/test_string__type_support.cpp.o[0m
[ 35%] [32mBuilding CXX object CMakeFiles/picas_msgs__rosidl_typesupport_introspection_cpp.dir/rosidl_typesupport_introspection_cpp/picas_msgs/msg/detail/test_string__type_support.cpp.o[0m
[ 38%] [32mBuilding CXX object CMakeFiles/picas_msgs__rosidl_typesupport_introspection_cpp.dir/rosidl_typesupport_introspection_cpp/picas_msgs/msg/detail/u_time__type_support.cpp.o[0m
[ 43%] [32mBuilding CXX object CMakeFiles/picas_msgs__rosidl_typesupport_fastrtps_cpp.dir/rosidl_typesupport_fastrtps_cpp/picas_msgs/msg/detail/dds_fastrtps/u_time__type_support.cpp.o[0m
[ 43%] [32mBuilding CXX object CMakeFiles/picas_msgs__rosidl_typesupport_fastrtps_cpp.dir/rosidl_typesupport_fastrtps_cpp/picas_msgs/msg/detail/dds_fastrtps/test_string__type_support.cpp.o[0m
[ 48%] [32mBuilding C object CMakeFiles/picas_msgs__rosidl_typesupport_introspection_c.dir/rosidl_typesupport_introspection_c/picas_msgs/msg/detail/test_string__type_support.c.o[0m
[ 48%] [32mBuilding C object CMakeFiles/picas_msgs__rosidl_typesupport_introspection_c.dir/rosidl_typesupport_introspection_c/picas_msgs/msg/detail/u_time__type_support.c.o[0m
[ 51%] [32m[1mLinking C shared library libpicas_msgs__rosidl_typesupport_introspection_c.so[0m
[ 53%] [32m[1mLinking CXX shared library libpicas_msgs__rosidl_typesupport_cpp.so[0m
[ 53%] Built target picas_msgs__rosidl_typesupport_introspection_c
[ 53%] Built target picas_msgs__rosidl_typesupport_cpp
[ 56%] [32mBuilding CXX object CMakeFiles/picas_msgs__rosidl_typesupport_c.dir/rosidl_typesupport_c/picas_msgs/msg/u_time__type_support.cpp.o[0m
[ 58%] [32mBuilding CXX object CMakeFiles/picas_msgs__rosidl_typesupport_c.dir/rosidl_typesupport_c/picas_msgs/msg/test_string__type_support.cpp.o[0m
[ 64%] [32m[1mLinking CXX shared library libpicas_msgs__rosidl_typesupport_introspection_cpp.so[0m
[ 64%] [32m[1mLinking CXX shared library libpicas_msgs__rosidl_typesupport_c.so[0m
[ 66%] [32mBuilding CXX object CMakeFiles/picas_msgs__rosidl_typesupport_fastrtps_c.dir/rosidl_typesupport_fastrtps_c/picas_msgs/msg/detail/u_time__type_support_c.cpp.o[0m
[ 69%] [32mBuilding CXX object CMakeFiles/picas_msgs__rosidl_typesupport_fastrtps_c.dir/rosidl_typesupport_fastrtps_c/picas_msgs/msg/detail/test_string__type_support_c.cpp.o[0m
[ 69%] Built target picas_msgs__rosidl_typesupport_c
[ 69%] Built target picas_msgs__rosidl_typesupport_introspection_cpp
[ 71%] [32m[1mLinking CXX shared library libpicas_msgs__rosidl_typesupport_fastrtps_cpp.so[0m
[ 71%] Built target picas_msgs__rosidl_typesupport_fastrtps_cpp
[ 74%] [32m[1mLinking CXX shared library libpicas_msgs__rosidl_typesupport_fastrtps_c.so[0m
[ 74%] Built target picas_msgs__rosidl_typesupport_fastrtps_c
[ 74%] Built target picas_msgs
[ 76%] [34m[1mGenerating Python code for ROS interfaces[0m
[ 76%] Built target picas_msgs__py
[ 82%] [32mBuilding C object CMakeFiles/picas_msgs__rosidl_generator_py.dir/rosidl_generator_py/picas_msgs/msg/_test_string_s.c.o[0m
[ 82%] [32mBuilding C object CMakeFiles/picas_msgs__rosidl_generator_py.dir/rosidl_generator_py/picas_msgs/msg/_u_time_s.c.o[0m
[ 84%] [32m[1mLinking C shared library rosidl_generator_py/picas_msgs/libpicas_msgs__rosidl_generator_py.so[0m
[ 84%] Built target picas_msgs__rosidl_generator_py
[ 92%] [32mBuilding C object CMakeFiles/picas_msgs__rosidl_typesupport_introspection_c__pyext.dir/rosidl_generator_py/picas_msgs/_picas_msgs_s.ep.rosidl_typesupport_introspection_c.c.o[0m
[ 92%] [32mBuilding C object CMakeFiles/picas_msgs__rosidl_typesupport_c__pyext.dir/rosidl_generator_py/picas_msgs/_picas_msgs_s.ep.rosidl_typesupport_c.c.o[0m
[ 92%] [32mBuilding C object CMakeFiles/picas_msgs__rosidl_typesupport_fastrtps_c__pyext.dir/rosidl_generator_py/picas_msgs/_picas_msgs_s.ep.rosidl_typesupport_fastrtps_c.c.o[0m
[ 97%] [32m[1mLinking C shared library rosidl_generator_py/picas_msgs/picas_msgs_s__rosidl_typesupport_c.cpython-310-x86_64-linux-gnu.so[0m
[ 97%] [32m[1mLinking C shared library rosidl_generator_py/picas_msgs/picas_msgs_s__rosidl_typesupport_fastrtps_c.cpython-310-x86_64-linux-gnu.so[0m
[100%] [32m[1mLinking C shared library rosidl_generator_py/picas_msgs/picas_msgs_s__rosidl_typesupport_introspection_c.cpython-310-x86_64-linux-gnu.so[0m
[100%] Built target picas_msgs__rosidl_typesupport_c__pyext
[100%] Built target picas_msgs__rosidl_typesupport_fastrtps_c__pyext
[100%] Built target picas_msgs__rosidl_typesupport_introspection_c__pyext
