[0.018s] Invoking command in '/home/sauron/ros2-picas/build/picas_msgs': CMAKE_PREFIX_PATH=${CMAKE_PREFIX_PATH}:/home/sauron/ros2_humble/install/rqt_bag_plugins:/home/sauron/ros2_humble/install/rqt_bag:/home/sauron/ros2_humble/install/ros2bag:/home/sauron/ros2_humble/install/tracetools_test:/home/sauron/ros2_humble/install/tracetools_launch:/home/sauron/ros2_humble/install/topic_monitor:/home/sauron/ros2_humble/install/tf2_tools:/home/sauron/ros2_humble/install/examples_tf2_py:/home/sauron/ros2_humble/install/tf2_ros_py:/home/sauron/ros2_humble/install/sros2:/home/sauron/ros2_humble/install/rqt_topic:/home/sauron/ros2_humble/install/rqt_srv:/home/sauron/ros2_humble/install/rqt_shell:/home/sauron/ros2_humble/install/rqt_service_caller:/home/sauron/ros2_humble/install/rqt_reconfigure:/home/sauron/ros2_humble/install/rqt_py_console:/home/sauron/ros2_humble/install/rqt_publisher:/home/sauron/ros2_humble/install/rqt_plot:/home/sauron/ros2_humble/install/rqt_action:/home/sauron/ros2_humble/install/rqt_msg:/home/sauron/ros2_humble/install/rqt_console:/home/sauron/ros2_humble/install/rqt:/home/sauron/ros2_humble/install/rqt_graph:/home/sauron/ros2_humble/install/rqt_gui_py:/home/sauron/ros2_humble/install/rqt_gui:/home/sauron/ros2_humble/install/ros2trace:/home/sauron/ros2_humble/install/ros2topic:/home/sauron/ros2_humble/install/ros2test:/home/sauron/ros2_humble/install/ros2component:/home/sauron/ros2_humble/install/ros2param:/home/sauron/ros2_humble/install/ros2lifecycle:/home/sauron/ros2_humble/install/ros2service:/home/sauron/ros2_humble/install/ros2run:/home/sauron/ros2_humble/install/ros2launch:/home/sauron/ros2_humble/install/ros2pkg:/home/sauron/ros2_humble/install/ros2node:/home/sauron/ros2_humble/install/ros2multicast:/home/sauron/ros2_humble/install/ros2interface:/home/sauron/ros2_humble/install/ros2doctor:/home/sauron/ros2_humble/install/ros2action:/home/sauron/ros2_humble/install/ros2cli:/home/sauron/ros2_humble/install/quality_of_service_demo_py:/home/sauron/ros2_humble/install/lifecycle_py:/home/sauron/ros2_humble/install/launch_testing_ros:/home/sauron/ros2_humble/install/launch_ros:/home/sauron/ros2_humble/install/examples_rclpy_pointcloud_publisher:/home/sauron/ros2_humble/install/examples_rclpy_minimal_subscriber:/home/sauron/ros2_humble/install/examples_rclpy_minimal_service:/home/sauron/ros2_humble/install/examples_rclpy_minimal_publisher:/home/sauron/ros2_humble/install/examples_rclpy_minimal_client:/home/sauron/ros2_humble/install/examples_rclpy_minimal_action_server:/home/sauron/ros2_humble/install/examples_rclpy_minimal_action_client:/home/sauron/ros2_humble/install/examples_rclpy_guard_conditions:/home/sauron/ros2_humble/install/examples_rclpy_executors:/home/sauron/ros2_humble/install/demo_nodes_py:/home/sauron/ros2_humble/install/action_tutorials_py:/home/sauron/ros2_humble/install/ament_uncrustify:/home/sauron/ros2_humble/install/tracetools_trace:/home/sauron/ros2_humble/install/tracetools_read:/home/sauron/ros2_humble/install/test_tracetools_launch:/home/sauron/ros2_humble/install/test_launch_ros:/home/sauron/ros2_humble/install/sensor_msgs_py:/home/sauron/ros2_humble/install/rpyutils:/home/sauron/ros2_humble/install/rosidl_runtime_py:/home/sauron/ros2_humble/install/rosidl_cli:/home/sauron/ros2_humble/install/launch_pytest:/home/sauron/ros2_humble/install/launch_testing:/home/sauron/ros2_humble/install/launch_yaml:/home/sauron/ros2_humble/install/launch_xml:/home/sauron/ros2_humble/install/launch:/home/sauron/ros2_humble/install/osrf_pycommon:/home/sauron/ros2_humble/install/launch_testing_examples:/home/sauron/ros2_humble/install/domain_coordinator:/home/sauron/ros2_humble/install/ament_xmllint:/home/sauron/ros2_humble/install/ament_pyflakes:/home/sauron/ros2_humble/install/ament_pycodestyle:/home/sauron/ros2_humble/install/ament_pep257:/home/sauron/ros2_humble/install/ament_pclint:/home/sauron/ros2_humble/install/ament_package:/home/sauron/ros2_humble/install/ament_mypy:/home/sauron/ros2_humble/install/ament_lint_cmake:/home/sauron/ros2_humble/install/ament_flake8:/home/sauron/ros2_humble/install/ament_copyright:/home/sauron/ros2_humble/install/ament_lint:/home/sauron/ros2_humble/install/ament_index_python:/home/sauron/ros2_humble/install/ament_cpplint:/home/sauron/ros2_humble/install/ament_cppcheck:/home/sauron/ros2_humble/install/ament_clang_tidy:/home/sauron/ros2_humble/install/ament_clang_format /usr/bin/cmake /home/sauron/ros2-picas/ros2-picas-example/picas_msgs -DPICAS=TRUE -DCMAKE_INSTALL_PREFIX=/home/sauron/ros2-picas/install/picas_msgs
[0.071s] -- The C compiler identification is GNU 11.3.0
[0.108s] -- The CXX compiler identification is GNU 11.3.0
[0.113s] -- Detecting C compiler ABI info
[0.174s] -- Detecting C compiler ABI info - done
[0.177s] -- Check for working C compiler: /usr/bin/cc - skipped
[0.177s] -- Detecting C compile features
[0.178s] -- Detecting C compile features - done
[0.179s] -- Detecting CXX compiler ABI info
[0.254s] -- Detecting CXX compiler ABI info - done
[0.258s] -- Check for working CXX compiler: /usr/bin/c++ - skipped
[0.258s] -- Detecting CXX compile features
[0.258s] -- Detecting CXX compile features - done
[0.267s] -- Found ament_cmake: 1.3.3 (/home/sauron/ros2_humble/install/ament_cmake/share/ament_cmake/cmake)
[0.953s] -- Found Python3: /usr/bin/python3.10 (found version "3.10.6") found components: Interpreter 
[1.160s] -- Found builtin_interfaces: 1.2.1 (/home/sauron/ros2_humble/install/builtin_interfaces/share/builtin_interfaces/cmake)
[1.233s] -- Found rosidl_generator_c: 3.1.4 (/home/sauron/ros2_humble/install/rosidl_generator_c/share/rosidl_generator_c/cmake)
[1.247s] -- Found rosidl_adapter: 3.1.4 (/home/sauron/ros2_humble/install/rosidl_adapter/share/rosidl_adapter/cmake)
[1.264s] -- Found rosidl_generator_cpp: 3.1.4 (/home/sauron/ros2_humble/install/rosidl_generator_cpp/share/rosidl_generator_cpp/cmake)
[1.299s] -- Using all available rosidl_typesupport_c: rosidl_typesupport_introspection_c;rosidl_typesupport_fastrtps_c
[1.343s] -- Using all available rosidl_typesupport_cpp: rosidl_typesupport_introspection_cpp;rosidl_typesupport_fastrtps_cpp
[1.385s] -- Found rosidl_default_generators: 1.2.0 (/home/sauron/ros2_humble/install/rosidl_default_generators/share/rosidl_default_generators/cmake)
[1.770s] -- Found ament_cmake_cppcheck: 0.12.5 (/home/sauron/ros2_humble/install/ament_cmake_cppcheck/share/ament_cmake_cppcheck/cmake)
[1.782s] -- Found ament_cmake_cpplint: 0.12.5 (/home/sauron/ros2_humble/install/ament_cmake_cpplint/share/ament_cmake_cpplint/cmake)
[1.788s] -- Found ament_cmake_uncrustify: 0.12.5 (/home/sauron/ros2_humble/install/ament_cmake_uncrustify/share/ament_cmake_uncrustify/cmake)
[1.798s] -- Found ament_cmake_ros: 0.10.0 (/home/sauron/ros2_humble/install/ament_cmake_ros/share/ament_cmake_ros/cmake)
[2.257s] -- Using all available rosidl_typesupport_c: rosidl_typesupport_introspection_c;rosidl_typesupport_fastrtps_c
[2.440s] -- Using all available rosidl_typesupport_cpp: rosidl_typesupport_introspection_cpp;rosidl_typesupport_fastrtps_cpp
[2.479s] -- Found PythonInterp: /usr/bin/python3 (found suitable version "3.10.6", minimum required is "3.6") 
[2.487s] -- Found python_cmake_module: 0.10.0 (/home/sauron/ros2_humble/install/python_cmake_module/share/python_cmake_module/cmake)
[2.530s] -- Found PythonLibs: /usr/lib/x86_64-linux-gnu/libpython3.10.so (found suitable version "3.10.6", minimum required is "3.5") 
[2.530s] -- Using PYTHON_EXECUTABLE: /usr/bin/python3
[2.530s] -- Using PYTHON_INCLUDE_DIRS: /usr/include/python3.10
[2.530s] -- Using PYTHON_LIBRARIES: /usr/lib/x86_64-linux-gnu/libpython3.10.so
[2.564s] -- Found PythonExtra: .so  
[2.810s] -- Found ament_cmake_flake8: 0.12.5 (/home/sauron/ros2_humble/install/ament_cmake_flake8/share/ament_cmake_flake8/cmake)
[2.821s] -- Found ament_cmake_pep257: 0.12.5 (/home/sauron/ros2_humble/install/ament_cmake_pep257/share/ament_cmake_pep257/cmake)
[2.828s] -- Configuring done
[2.845s] -- Generating done
[2.846s] [33mCMake Warning:
[2.846s]   Manually-specified variables were not used by the project:
[2.847s] 
[2.847s]     PICAS
[2.847s] 
[2.847s] [0m
[2.847s] -- Build files have been written to: /home/sauron/ros2-picas/build/picas_msgs
[2.852s] Invoked command in '/home/sauron/ros2-picas/build/picas_msgs' returned '0': CMAKE_PREFIX_PATH=${CMAKE_PREFIX_PATH}:/home/sauron/ros2_humble/install/rqt_bag_plugins:/home/sauron/ros2_humble/install/rqt_bag:/home/sauron/ros2_humble/install/ros2bag:/home/sauron/ros2_humble/install/tracetools_test:/home/sauron/ros2_humble/install/tracetools_launch:/home/sauron/ros2_humble/install/topic_monitor:/home/sauron/ros2_humble/install/tf2_tools:/home/sauron/ros2_humble/install/examples_tf2_py:/home/sauron/ros2_humble/install/tf2_ros_py:/home/sauron/ros2_humble/install/sros2:/home/sauron/ros2_humble/install/rqt_topic:/home/sauron/ros2_humble/install/rqt_srv:/home/sauron/ros2_humble/install/rqt_shell:/home/sauron/ros2_humble/install/rqt_service_caller:/home/sauron/ros2_humble/install/rqt_reconfigure:/home/sauron/ros2_humble/install/rqt_py_console:/home/sauron/ros2_humble/install/rqt_publisher:/home/sauron/ros2_humble/install/rqt_plot:/home/sauron/ros2_humble/install/rqt_action:/home/sauron/ros2_humble/install/rqt_msg:/home/sauron/ros2_humble/install/rqt_console:/home/sauron/ros2_humble/install/rqt:/home/sauron/ros2_humble/install/rqt_graph:/home/sauron/ros2_humble/install/rqt_gui_py:/home/sauron/ros2_humble/install/rqt_gui:/home/sauron/ros2_humble/install/ros2trace:/home/sauron/ros2_humble/install/ros2topic:/home/sauron/ros2_humble/install/ros2test:/home/sauron/ros2_humble/install/ros2component:/home/sauron/ros2_humble/install/ros2param:/home/sauron/ros2_humble/install/ros2lifecycle:/home/sauron/ros2_humble/install/ros2service:/home/sauron/ros2_humble/install/ros2run:/home/sauron/ros2_humble/install/ros2launch:/home/sauron/ros2_humble/install/ros2pkg:/home/sauron/ros2_humble/install/ros2node:/home/sauron/ros2_humble/install/ros2multicast:/home/sauron/ros2_humble/install/ros2interface:/home/sauron/ros2_humble/install/ros2doctor:/home/sauron/ros2_humble/install/ros2action:/home/sauron/ros2_humble/install/ros2cli:/home/sauron/ros2_humble/install/quality_of_service_demo_py:/home/sauron/ros2_humble/install/lifecycle_py:/home/sauron/ros2_humble/install/launch_testing_ros:/home/sauron/ros2_humble/install/launch_ros:/home/sauron/ros2_humble/install/examples_rclpy_pointcloud_publisher:/home/sauron/ros2_humble/install/examples_rclpy_minimal_subscriber:/home/sauron/ros2_humble/install/examples_rclpy_minimal_service:/home/sauron/ros2_humble/install/examples_rclpy_minimal_publisher:/home/sauron/ros2_humble/install/examples_rclpy_minimal_client:/home/sauron/ros2_humble/install/examples_rclpy_minimal_action_server:/home/sauron/ros2_humble/install/examples_rclpy_minimal_action_client:/home/sauron/ros2_humble/install/examples_rclpy_guard_conditions:/home/sauron/ros2_humble/install/examples_rclpy_executors:/home/sauron/ros2_humble/install/demo_nodes_py:/home/sauron/ros2_humble/install/action_tutorials_py:/home/sauron/ros2_humble/install/ament_uncrustify:/home/sauron/ros2_humble/install/tracetools_trace:/home/sauron/ros2_humble/install/tracetools_read:/home/sauron/ros2_humble/install/test_tracetools_launch:/home/sauron/ros2_humble/install/test_launch_ros:/home/sauron/ros2_humble/install/sensor_msgs_py:/home/sauron/ros2_humble/install/rpyutils:/home/sauron/ros2_humble/install/rosidl_runtime_py:/home/sauron/ros2_humble/install/rosidl_cli:/home/sauron/ros2_humble/install/launch_pytest:/home/sauron/ros2_humble/install/launch_testing:/home/sauron/ros2_humble/install/launch_yaml:/home/sauron/ros2_humble/install/launch_xml:/home/sauron/ros2_humble/install/launch:/home/sauron/ros2_humble/install/osrf_pycommon:/home/sauron/ros2_humble/install/launch_testing_examples:/home/sauron/ros2_humble/install/domain_coordinator:/home/sauron/ros2_humble/install/ament_xmllint:/home/sauron/ros2_humble/install/ament_pyflakes:/home/sauron/ros2_humble/install/ament_pycodestyle:/home/sauron/ros2_humble/install/ament_pep257:/home/sauron/ros2_humble/install/ament_pclint:/home/sauron/ros2_humble/install/ament_package:/home/sauron/ros2_humble/install/ament_mypy:/home/sauron/ros2_humble/install/ament_lint_cmake:/home/sauron/ros2_humble/install/ament_flake8:/home/sauron/ros2_humble/install/ament_copyright:/home/sauron/ros2_humble/install/ament_lint:/home/sauron/ros2_humble/install/ament_index_python:/home/sauron/ros2_humble/install/ament_cpplint:/home/sauron/ros2_humble/install/ament_cppcheck:/home/sauron/ros2_humble/install/ament_clang_tidy:/home/sauron/ros2_humble/install/ament_clang_format /usr/bin/cmake /home/sauron/ros2-picas/ros2-picas-example/picas_msgs -DPICAS=TRUE -DCMAKE_INSTALL_PREFIX=/home/sauron/ros2-picas/install/picas_msgs
[2.854s] Invoking command in '/home/sauron/ros2-picas/build/picas_msgs': CMAKE_PREFIX_PATH=${CMAKE_PREFIX_PATH}:/home/sauron/ros2_humble/install/rqt_bag_plugins:/home/sauron/ros2_humble/install/rqt_bag:/home/sauron/ros2_humble/install/ros2bag:/home/sauron/ros2_humble/install/tracetools_test:/home/sauron/ros2_humble/install/tracetools_launch:/home/sauron/ros2_humble/install/topic_monitor:/home/sauron/ros2_humble/install/tf2_tools:/home/sauron/ros2_humble/install/examples_tf2_py:/home/sauron/ros2_humble/install/tf2_ros_py:/home/sauron/ros2_humble/install/sros2:/home/sauron/ros2_humble/install/rqt_topic:/home/sauron/ros2_humble/install/rqt_srv:/home/sauron/ros2_humble/install/rqt_shell:/home/sauron/ros2_humble/install/rqt_service_caller:/home/sauron/ros2_humble/install/rqt_reconfigure:/home/sauron/ros2_humble/install/rqt_py_console:/home/sauron/ros2_humble/install/rqt_publisher:/home/sauron/ros2_humble/install/rqt_plot:/home/sauron/ros2_humble/install/rqt_action:/home/sauron/ros2_humble/install/rqt_msg:/home/sauron/ros2_humble/install/rqt_console:/home/sauron/ros2_humble/install/rqt:/home/sauron/ros2_humble/install/rqt_graph:/home/sauron/ros2_humble/install/rqt_gui_py:/home/sauron/ros2_humble/install/rqt_gui:/home/sauron/ros2_humble/install/ros2trace:/home/sauron/ros2_humble/install/ros2topic:/home/sauron/ros2_humble/install/ros2test:/home/sauron/ros2_humble/install/ros2component:/home/sauron/ros2_humble/install/ros2param:/home/sauron/ros2_humble/install/ros2lifecycle:/home/sauron/ros2_humble/install/ros2service:/home/sauron/ros2_humble/install/ros2run:/home/sauron/ros2_humble/install/ros2launch:/home/sauron/ros2_humble/install/ros2pkg:/home/sauron/ros2_humble/install/ros2node:/home/sauron/ros2_humble/install/ros2multicast:/home/sauron/ros2_humble/install/ros2interface:/home/sauron/ros2_humble/install/ros2doctor:/home/sauron/ros2_humble/install/ros2action:/home/sauron/ros2_humble/install/ros2cli:/home/sauron/ros2_humble/install/quality_of_service_demo_py:/home/sauron/ros2_humble/install/lifecycle_py:/home/sauron/ros2_humble/install/launch_testing_ros:/home/sauron/ros2_humble/install/launch_ros:/home/sauron/ros2_humble/install/examples_rclpy_pointcloud_publisher:/home/sauron/ros2_humble/install/examples_rclpy_minimal_subscriber:/home/sauron/ros2_humble/install/examples_rclpy_minimal_service:/home/sauron/ros2_humble/install/examples_rclpy_minimal_publisher:/home/sauron/ros2_humble/install/examples_rclpy_minimal_client:/home/sauron/ros2_humble/install/examples_rclpy_minimal_action_server:/home/sauron/ros2_humble/install/examples_rclpy_minimal_action_client:/home/sauron/ros2_humble/install/examples_rclpy_guard_conditions:/home/sauron/ros2_humble/install/examples_rclpy_executors:/home/sauron/ros2_humble/install/demo_nodes_py:/home/sauron/ros2_humble/install/action_tutorials_py:/home/sauron/ros2_humble/install/ament_uncrustify:/home/sauron/ros2_humble/install/tracetools_trace:/home/sauron/ros2_humble/install/tracetools_read:/home/sauron/ros2_humble/install/test_tracetools_launch:/home/sauron/ros2_humble/install/test_launch_ros:/home/sauron/ros2_humble/install/sensor_msgs_py:/home/sauron/ros2_humble/install/rpyutils:/home/sauron/ros2_humble/install/rosidl_runtime_py:/home/sauron/ros2_humble/install/rosidl_cli:/home/sauron/ros2_humble/install/launch_pytest:/home/sauron/ros2_humble/install/launch_testing:/home/sauron/ros2_humble/install/launch_yaml:/home/sauron/ros2_humble/install/launch_xml:/home/sauron/ros2_humble/install/launch:/home/sauron/ros2_humble/install/osrf_pycommon:/home/sauron/ros2_humble/install/launch_testing_examples:/home/sauron/ros2_humble/install/domain_coordinator:/home/sauron/ros2_humble/install/ament_xmllint:/home/sauron/ros2_humble/install/ament_pyflakes:/home/sauron/ros2_humble/install/ament_pycodestyle:/home/sauron/ros2_humble/install/ament_pep257:/home/sauron/ros2_humble/install/ament_pclint:/home/sauron/ros2_humble/install/ament_package:/home/sauron/ros2_humble/install/ament_mypy:/home/sauron/ros2_humble/install/ament_lint_cmake:/home/sauron/ros2_humble/install/ament_flake8:/home/sauron/ros2_humble/install/ament_copyright:/home/sauron/ros2_humble/install/ament_lint:/home/sauron/ros2_humble/install/ament_index_python:/home/sauron/ros2_humble/install/ament_cpplint:/home/sauron/ros2_humble/install/ament_cppcheck:/home/sauron/ros2_humble/install/ament_clang_tidy:/home/sauron/ros2_humble/install/ament_clang_format /usr/bin/cmake --build /home/sauron/ros2-picas/build/picas_msgs -- -j20 -l20
[2.898s] [  2%] [34m[1mGenerating C code for ROS interfaces[0m
[2.910s] [  5%] [34m[1mGenerating C++ code for ROS interfaces[0m
[2.919s] [  5%] Built target ament_cmake_python_copy_picas_msgs
[3.130s] [ 10%] [32mBuilding C object CMakeFiles/picas_msgs__rosidl_generator_c.dir/rosidl_generator_c/picas_msgs/msg/detail/u_time__functions.c.o[0m
[3.130s] [ 10%] [32mBuilding C object CMakeFiles/picas_msgs__rosidl_generator_c.dir/rosidl_generator_c/picas_msgs/msg/detail/test_string__functions.c.o[0m
[3.132s] [ 10%] Built target picas_msgs__cpp
[3.144s] [ 15%] [34m[1mGenerating C++ type support dispatch for ROS interfaces[0m
[3.144s] [ 15%] [34m[1mGenerating C++ type support for eProsima Fast-RTPS[0m
[3.150s] [ 17%] [34m[1mGenerating C++ introspection for ROS interfaces[0m
[3.166s] [ 20%] [32m[1mLinking C shared library libpicas_msgs__rosidl_generator_c.so[0m
[3.201s] [ 20%] Built target picas_msgs__rosidl_generator_c
[3.217s] [ 23%] [34m[1mGenerating C introspection for ROS interfaces[0m
[3.220s] [ 28%] [34m[1mGenerating C type support dispatch for ROS interfaces[0m
[3.220s] [ 28%] [34m[1mGenerating C type support for eProsima Fast-RTPS[0m
[3.244s] running egg_info
[3.244s] creating picas_msgs.egg-info
[3.257s] writing picas_msgs.egg-info/PKG-INFO
[3.257s] writing dependency_links to picas_msgs.egg-info/dependency_links.txt
[3.258s] writing top-level names to picas_msgs.egg-info/top_level.txt
[3.259s] writing manifest file 'picas_msgs.egg-info/SOURCES.txt'
[3.298s] reading manifest file 'picas_msgs.egg-info/SOURCES.txt'
[3.298s] writing manifest file 'picas_msgs.egg-info/SOURCES.txt'
[3.344s] [ 28%] Built target ament_cmake_python_build_picas_msgs_egg
[3.352s] [ 33%] [32mBuilding CXX object CMakeFiles/picas_msgs__rosidl_typesupport_cpp.dir/rosidl_typesupport_cpp/picas_msgs/msg/u_time__type_support.cpp.o[0m
[3.352s] [ 33%] [32mBuilding CXX object CMakeFiles/picas_msgs__rosidl_typesupport_cpp.dir/rosidl_typesupport_cpp/picas_msgs/msg/test_string__type_support.cpp.o[0m
[3.370s] [ 35%] [32mBuilding CXX object CMakeFiles/picas_msgs__rosidl_typesupport_introspection_cpp.dir/rosidl_typesupport_introspection_cpp/picas_msgs/msg/detail/test_string__type_support.cpp.o[0m
[3.373s] [ 38%] [32mBuilding CXX object CMakeFiles/picas_msgs__rosidl_typesupport_introspection_cpp.dir/rosidl_typesupport_introspection_cpp/picas_msgs/msg/detail/u_time__type_support.cpp.o[0m
[3.406s] [ 43%] [32mBuilding CXX object CMakeFiles/picas_msgs__rosidl_typesupport_fastrtps_cpp.dir/rosidl_typesupport_fastrtps_cpp/picas_msgs/msg/detail/dds_fastrtps/u_time__type_support.cpp.o[0m
[3.406s] [ 43%] [32mBuilding CXX object CMakeFiles/picas_msgs__rosidl_typesupport_fastrtps_cpp.dir/rosidl_typesupport_fastrtps_cpp/picas_msgs/msg/detail/dds_fastrtps/test_string__type_support.cpp.o[0m
[3.465s] [ 48%] [32mBuilding C object CMakeFiles/picas_msgs__rosidl_typesupport_introspection_c.dir/rosidl_typesupport_introspection_c/picas_msgs/msg/detail/test_string__type_support.c.o[0m
[3.465s] [ 48%] [32mBuilding C object CMakeFiles/picas_msgs__rosidl_typesupport_introspection_c.dir/rosidl_typesupport_introspection_c/picas_msgs/msg/detail/u_time__type_support.c.o[0m
[3.508s] [ 51%] [32m[1mLinking C shared library libpicas_msgs__rosidl_typesupport_introspection_c.so[0m
[3.510s] [ 53%] [32m[1mLinking CXX shared library libpicas_msgs__rosidl_typesupport_cpp.so[0m
[3.542s] [ 53%] Built target picas_msgs__rosidl_typesupport_introspection_c
[3.557s] [ 53%] Built target picas_msgs__rosidl_typesupport_cpp
[3.575s] [ 56%] [32mBuilding CXX object CMakeFiles/picas_msgs__rosidl_typesupport_c.dir/rosidl_typesupport_c/picas_msgs/msg/u_time__type_support.cpp.o[0m
[3.578s] [ 58%] [32mBuilding CXX object CMakeFiles/picas_msgs__rosidl_typesupport_c.dir/rosidl_typesupport_c/picas_msgs/msg/test_string__type_support.cpp.o[0m
[3.606s] [ 64%] [32m[1mLinking CXX shared library libpicas_msgs__rosidl_typesupport_introspection_cpp.so[0m
[3.606s] [ 64%] [32m[1mLinking CXX shared library libpicas_msgs__rosidl_typesupport_c.so[0m
[3.606s] [ 66%] [32mBuilding CXX object CMakeFiles/picas_msgs__rosidl_typesupport_fastrtps_c.dir/rosidl_typesupport_fastrtps_c/picas_msgs/msg/detail/u_time__type_support_c.cpp.o[0m
[3.606s] [ 69%] [32mBuilding CXX object CMakeFiles/picas_msgs__rosidl_typesupport_fastrtps_c.dir/rosidl_typesupport_fastrtps_c/picas_msgs/msg/detail/test_string__type_support_c.cpp.o[0m
[3.644s] [ 69%] Built target picas_msgs__rosidl_typesupport_c
[3.658s] [ 69%] Built target picas_msgs__rosidl_typesupport_introspection_cpp
[3.714s] [ 71%] [32m[1mLinking CXX shared library libpicas_msgs__rosidl_typesupport_fastrtps_cpp.so[0m
[3.768s] [ 71%] Built target picas_msgs__rosidl_typesupport_fastrtps_cpp
[3.789s] [ 74%] [32m[1mLinking CXX shared library libpicas_msgs__rosidl_typesupport_fastrtps_c.so[0m
[3.843s] [ 74%] Built target picas_msgs__rosidl_typesupport_fastrtps_c
[3.868s] [ 74%] Built target picas_msgs
[3.893s] [ 76%] [34m[1mGenerating Python code for ROS interfaces[0m
[4.135s] [ 76%] Built target picas_msgs__py
[4.160s] [ 82%] [32mBuilding C object CMakeFiles/picas_msgs__rosidl_generator_py.dir/rosidl_generator_py/picas_msgs/msg/_test_string_s.c.o[0m
[4.160s] [ 82%] [32mBuilding C object CMakeFiles/picas_msgs__rosidl_generator_py.dir/rosidl_generator_py/picas_msgs/msg/_u_time_s.c.o[0m
[4.222s] [ 84%] [32m[1mLinking C shared library rosidl_generator_py/picas_msgs/libpicas_msgs__rosidl_generator_py.so[0m
[4.255s] [ 84%] Built target picas_msgs__rosidl_generator_py
[4.283s] [ 92%] [32mBuilding C object CMakeFiles/picas_msgs__rosidl_typesupport_introspection_c__pyext.dir/rosidl_generator_py/picas_msgs/_picas_msgs_s.ep.rosidl_typesupport_introspection_c.c.o[0m
[4.283s] [ 92%] [32mBuilding C object CMakeFiles/picas_msgs__rosidl_typesupport_c__pyext.dir/rosidl_generator_py/picas_msgs/_picas_msgs_s.ep.rosidl_typesupport_c.c.o[0m
[4.283s] [ 92%] [32mBuilding C object CMakeFiles/picas_msgs__rosidl_typesupport_fastrtps_c__pyext.dir/rosidl_generator_py/picas_msgs/_picas_msgs_s.ep.rosidl_typesupport_fastrtps_c.c.o[0m
[4.344s] [ 97%] [32m[1mLinking C shared library rosidl_generator_py/picas_msgs/picas_msgs_s__rosidl_typesupport_c.cpython-310-x86_64-linux-gnu.so[0m
[4.344s] [ 97%] [32m[1mLinking C shared library rosidl_generator_py/picas_msgs/picas_msgs_s__rosidl_typesupport_fastrtps_c.cpython-310-x86_64-linux-gnu.so[0m
[4.344s] [100%] [32m[1mLinking C shared library rosidl_generator_py/picas_msgs/picas_msgs_s__rosidl_typesupport_introspection_c.cpython-310-x86_64-linux-gnu.so[0m
[4.375s] [100%] Built target picas_msgs__rosidl_typesupport_c__pyext
[4.375s] [100%] Built target picas_msgs__rosidl_typesupport_fastrtps_c__pyext
[4.375s] [100%] Built target picas_msgs__rosidl_typesupport_introspection_c__pyext
